<?xml version="1.0" encoding="UTF-8"?>
<robot generator="Robot 6.0.2 (Python 3.11.3 on win32)" generated="20240415 12:02:06.454" rpa="false" schemaversion="3">
<suite id="s1" name="Extract" source="C:\Users\ftmh\SpringerAbstractExtractor\Extract.robot">
<test id="s1-t1" name="Extract Article Papers Abstracts" line="20">
<kw name="Extract Abstracts">
<arg>${ArticleUrl}</arg>
<arg>${ArtileFile}</arg>
<kw name="Set Selenium Timeout" library="SeleniumLibrary">
<arg>40 seconds</arg>
<doc>Sets the timeout that is used by various keywords.</doc>
<status status="PASS" starttime="20240415 12:02:19.052" endtime="20240415 12:02:19.052"/>
</kw>
<kw name="Open Browser" library="SeleniumLibrary">
<arg>browser=${BROWSER}</arg>
<arg>options=add_experimental_option("detach",True)</arg>
<doc>Opens a new browser instance to the optional ``url``.</doc>
<msg timestamp="20240415 12:02:19.053" level="INFO">Opening browser 'headlesschrome' to base url 'None'.</msg>
<status status="PASS" starttime="20240415 12:02:19.052" endtime="20240415 12:02:26.976"/>
</kw>
<kw name="Go To" library="SeleniumLibrary">
<arg>${Url}</arg>
<doc>Navigates the current browser window to the provided ``url``.</doc>
<msg timestamp="20240415 12:02:26.976" level="INFO">Opening url 'https://link.springer.com/search?facet-language=%22En%22&amp;showAll=true&amp;date-facet-mode=between&amp;query=%22useful+work%22+AND+%28consensus+OR++OR+blockchain+OR++OR+proof%29&amp;facet-discipline=%22Computer+Science%22&amp;facet-content-type=%22Article%22'</msg>
<status status="PASS" starttime="20240415 12:02:26.976" endtime="20240415 12:02:38.775"/>
</kw>
<kw name="Wait Until Element Is Visible" library="SeleniumLibrary">
<arg>xpath:/html/body/dialog/div[2]/div/div[2]/button</arg>
<doc>Waits until the element ``locator`` is visible.</doc>
<status status="PASS" starttime="20240415 12:02:38.775" endtime="20240415 12:02:43.404"/>
</kw>
<kw name="Click Element" library="SeleniumLibrary">
<arg>xpath:/html/body/dialog/div[2]/div/div[2]/button</arg>
<doc>Click the element identified by ``locator``.</doc>
<msg timestamp="20240415 12:02:43.404" level="INFO">Clicking element 'xpath:/html/body/dialog/div[2]/div/div[2]/button'.</msg>
<status status="PASS" starttime="20240415 12:02:43.404" endtime="20240415 12:02:43.784"/>
</kw>
<kw name="Wait Until Element Is Visible" library="SeleniumLibrary">
<arg>//*[@id="main"]/div/div[1]/div/div[1]/div/p/a</arg>
<doc>Waits until the element ``locator`` is visible.</doc>
<status status="PASS" starttime="20240415 12:02:43.784" endtime="20240415 12:02:43.820"/>
</kw>
<kw name="Click Element" library="SeleniumLibrary">
<arg>//*[@id="main"]/div/div[1]/div/div[1]/div/p/a</arg>
<doc>Click the element identified by ``locator``.</doc>
<msg timestamp="20240415 12:02:43.821" level="INFO">Clicking element '//*[@id="main"]/div/div[1]/div/div[1]/div/p/a'.</msg>
<status status="PASS" starttime="20240415 12:02:43.821" endtime="20240415 12:02:48.054"/>
</kw>
<kw name="Wait Until Element Is Visible" library="SeleniumLibrary">
<arg>${NumOfPages}</arg>
<doc>Waits until the element ``locator`` is visible.</doc>
<status status="PASS" starttime="20240415 12:02:48.054" endtime="20240415 12:02:48.085"/>
</kw>
<kw name="Go To" library="SeleniumLibrary">
<arg>${Url}</arg>
<doc>Navigates the current browser window to the provided ``url``.</doc>
<msg timestamp="20240415 12:02:48.085" level="INFO">Opening url 'https://link.springer.com/search?facet-language=%22En%22&amp;showAll=true&amp;date-facet-mode=between&amp;query=%22useful+work%22+AND+%28consensus+OR++OR+blockchain+OR++OR+proof%29&amp;facet-discipline=%22Computer+Science%22&amp;facet-content-type=%22Article%22'</msg>
<status status="PASS" starttime="20240415 12:02:48.085" endtime="20240415 12:02:50.018"/>
</kw>
<kw name="Wait Until Element Is Visible" library="SeleniumLibrary">
<arg>${NumOfPages}</arg>
<doc>Waits until the element ``locator`` is visible.</doc>
<status status="PASS" starttime="20240415 12:02:50.018" endtime="20240415 12:02:50.120"/>
</kw>
<kw name="Get Text" library="SeleniumLibrary">
<var>${NumOfPagesTxt}</var>
<arg>${NumOfPages}</arg>
<doc>Returns the text value of the element identified by ``locator``.</doc>
<msg timestamp="20240415 12:02:50.318" level="INFO">${NumOfPagesTxt} = 6</msg>
<status status="PASS" starttime="20240415 12:02:50.121" endtime="20240415 12:02:50.318"/>
</kw>
<for flavor="IN RANGE">
<var>${page}</var>
<value>${NumOfPagesTxt}</value>
<iter>
<var name="${page}">0</var>
<kw name="Get Element Count" library="SeleniumLibrary">
<var>${NumOfTitleInPage}</var>
<arg>${title}</arg>
<doc>Returns the number of elements matching ``locator``.</doc>
<msg timestamp="20240415 12:02:50.338" level="INFO">${NumOfTitleInPage} = 20</msg>
<status status="PASS" starttime="20240415 12:02:50.319" endtime="20240415 12:02:50.338"/>
</kw>
<for flavor="IN RANGE">
<var>${index}</var>
<value>1</value>
<value>${NumOfTitleInPage}</value>
<iter>
<var name="${index}">1</var>
<kw name="Catenate" library="BuiltIn">
<var>${TitleElement}</var>
<arg>SEPARATOR=</arg>
<arg>${title}</arg>
<arg>[${index}]</arg>
<doc>Catenates the given items together and returns the resulted string.</doc>
<msg timestamp="20240415 12:02:50.339" level="INFO">${TitleElement} = (//a[@class="title"])[1]</msg>
<status status="PASS" starttime="20240415 12:02:50.338" endtime="20240415 12:02:50.339"/>
</kw>
<kw name="Wait Until Element Is Visible" library="SeleniumLibrary">
<arg>${TitleElement}</arg>
<doc>Waits until the element ``locator`` is visible.</doc>
<status status="PASS" starttime="20240415 12:02:50.339" endtime="20240415 12:02:50.369"/>
</kw>
<kw name="Click Element" library="SeleniumLibrary">
<arg>${TitleElement}</arg>
<doc>Click the element identified by ``locator``.</doc>
<msg timestamp="20240415 12:02:50.369" level="INFO">Clicking element '(//a[@class="title"])[1]'.</msg>
<status status="PASS" starttime="20240415 12:02:50.369" endtime="20240415 12:03:21.623"/>
</kw>
<kw name="Wait Until Element Is Visible" library="SeleniumLibrary">
<arg>${header}</arg>
<doc>Waits until the element ``locator`` is visible.</doc>
<status status="PASS" starttime="20240415 12:03:21.623" endtime="20240415 12:03:21.688"/>
</kw>
<kw name="Run Keyword And Return Status" library="BuiltIn">
<var>${FirstType}</var>
<arg>Element Should Be Visible</arg>
<arg>${abstract1}</arg>
<doc>Runs the given keyword with given arguments and returns the status as a Boolean value.</doc>
<kw name="Element Should Be Visible" library="SeleniumLibrary">
<arg>${abstract1}</arg>
<doc>Verifies that the element identified by ``locator`` is visible.</doc>
<msg timestamp="20240415 12:03:21.721" level="INFO">Element '//*[@id="Abs1-content"]/p' is displayed.</msg>
<status status="PASS" starttime="20240415 12:03:21.688" endtime="20240415 12:03:21.721"/>
</kw>
<msg timestamp="20240415 12:03:21.721" level="INFO">${FirstType} = True</msg>
<status status="PASS" starttime="20240415 12:03:21.688" endtime="20240415 12:03:21.721"/>
</kw>
<if>
<branch type="IF" condition="${FirstType}">
<kw name="Get Text" library="SeleniumLibrary">
<var>${abstractTxt}</var>
<arg>${abstract1}</arg>
<doc>Returns the text value of the element identified by ``locator``.</doc>
<msg timestamp="20240415 12:03:21.745" level="INFO">${abstractTxt} = Blockchain-based consensus methods such as PoW (Proof of Work) and PoS (Proof of Stake) are widely used and favored these days, but each has disadvantages. One of the significant issues PoW encountere...</msg>
<status status="PASS" starttime="20240415 12:03:21.721" endtime="20240415 12:03:21.745"/>
</kw>
<status status="PASS" starttime="20240415 12:03:21.721" endtime="20240415 12:03:21.745"/>
</branch>
<branch type="ELSE">
<kw name="Get Text" library="SeleniumLibrary">
<var>${abstractTxt}</var>
<arg>${abstract2}</arg>
<doc>Returns the text value of the element identified by ``locator``.</doc>
<status status="NOT RUN" starttime="20240415 12:03:21.745" endtime="20240415 12:03:21.745"/>
</kw>
<status status="NOT RUN" starttime="20240415 12:03:21.745" endtime="20240415 12:03:21.745"/>
</branch>
<status status="PASS" starttime="20240415 12:03:21.721" endtime="20240415 12:03:21.745"/>
</if>
<kw name="Add To Csv" library="AddToCSV">
<arg>${abstractTxt}</arg>
<arg>${index}</arg>
<arg>${File}</arg>
<msg timestamp="20240415 12:03:23.053" level="INFO">C:\Users\ftmh\SpringerAbstractExtractor\AddToCSV.py:6: FutureWarning: ChainedAssignmentError: behaviour will change in pandas 3.0!
You are setting values through chained assignment. Currently this works in certain cases, but when using Copy-on-Write (which will become the default behaviour in pandas 3.0) this will never work to update the original DataFrame or Series, because the intermediate object on which we are setting values will behave as a copy.
A typical example is when you are setting values in a column of a DataFrame, like:

df["col"][row_indexer] = value

Use `df.loc[row_indexer, "col"] = values` instead, to perform the assignment in a single step and ensure this keeps updating the original `df`.

See the caveats in the documentation: https://pandas.pydata.org/pandas-docs/stable/user_guide/indexing.html#returning-a-view-versus-a-copy

  df["abstract"][index-1]=abstract
C:\Users\ftmh\SpringerAbstractExtractor\AddToCSV.py:6: SettingWithCopyWarning: 
A value is trying to be set on a copy of a slice from a DataFrame

See the caveats in the documentation: https://pandas.pydata.org/pandas-docs/stable/user_guide/indexing.html#returning-a-view-versus-a-copy
  df["abstract"][index-1]=abstract</msg>
<status status="PASS" starttime="20240415 12:03:21.746" endtime="20240415 12:03:23.067"/>
</kw>
<kw name="Go Back" library="SeleniumLibrary">
<doc>Simulates the user clicking the back button on their browser.</doc>
<status status="PASS" starttime="20240415 12:03:23.067" endtime="20240415 12:03:24.214"/>
</kw>
<status status="PASS" starttime="20240415 12:02:50.338" endtime="20240415 12:03:24.214"/>
</iter>
<iter>
<var name="${index}">2</var>
<kw name="Catenate" library="BuiltIn">
<var>${TitleElement}</var>
<arg>SEPARATOR=</arg>
<arg>${title}</arg>
<arg>[${index}]</arg>
<doc>Catenates the given items together and returns the resulted string.</doc>
<msg timestamp="20240415 12:03:24.215" level="INFO">${TitleElement} = (//a[@class="title"])[2]</msg>
<status status="PASS" starttime="20240415 12:03:24.214" endtime="20240415 12:03:24.215"/>
</kw>
<kw name="Wait Until Element Is Visible" library="SeleniumLibrary">
<arg>${TitleElement}</arg>
<doc>Waits until the element ``locator`` is visible.</doc>
<status status="PASS" starttime="20240415 12:03:24.215" endtime="20240415 12:03:24.340"/>
</kw>
<kw name="Click Element" library="SeleniumLibrary">
<arg>${TitleElement}</arg>
<doc>Click the element identified by ``locator``.</doc>
<msg timestamp="20240415 12:03:24.341" level="INFO">Clicking element '(//a[@class="title"])[2]'.</msg>
<status status="PASS" starttime="20240415 12:03:24.340" endtime="20240415 12:03:55.633"/>
</kw>
<kw name="Wait Until Element Is Visible" library="SeleniumLibrary">
<arg>${header}</arg>
<doc>Waits until the element ``locator`` is visible.</doc>
<status status="PASS" starttime="20240415 12:03:55.633" endtime="20240415 12:03:55.678"/>
</kw>
<kw name="Run Keyword And Return Status" library="BuiltIn">
<var>${FirstType}</var>
<arg>Element Should Be Visible</arg>
<arg>${abstract1}</arg>
<doc>Runs the given keyword with given arguments and returns the status as a Boolean value.</doc>
<kw name="Element Should Be Visible" library="SeleniumLibrary">
<arg>${abstract1}</arg>
<doc>Verifies that the element identified by ``locator`` is visible.</doc>
<msg timestamp="20240415 12:03:55.709" level="INFO">Element '//*[@id="Abs1-content"]/p' is displayed.</msg>
<status status="PASS" starttime="20240415 12:03:55.679" endtime="20240415 12:03:55.710"/>
</kw>
<msg timestamp="20240415 12:03:55.710" level="INFO">${FirstType} = True</msg>
<status status="PASS" starttime="20240415 12:03:55.678" endtime="20240415 12:03:55.710"/>
</kw>
<if>
<branch type="IF" condition="${FirstType}">
<kw name="Get Text" library="SeleniumLibrary">
<var>${abstractTxt}</var>
<arg>${abstract1}</arg>
<doc>Returns the text value of the element identified by ``locator``.</doc>
<msg timestamp="20240415 12:03:55.758" level="INFO">${abstractTxt} = To analyze the research impact of the researcher, different bibliographic databases like Scopus, Web of Science, Google Scholar, etc. are accessed for evaluating the trend of publications and citation...</msg>
<status status="PASS" starttime="20240415 12:03:55.710" endtime="20240415 12:03:55.758"/>
</kw>
<status status="PASS" starttime="20240415 12:03:55.710" endtime="20240415 12:03:55.758"/>
</branch>
<branch type="ELSE">
<kw name="Get Text" library="SeleniumLibrary">
<var>${abstractTxt}</var>
<arg>${abstract2}</arg>
<doc>Returns the text value of the element identified by ``locator``.</doc>
<status status="NOT RUN" starttime="20240415 12:03:55.758" endtime="20240415 12:03:55.758"/>
</kw>
<status status="NOT RUN" starttime="20240415 12:03:55.758" endtime="20240415 12:03:55.758"/>
</branch>
<status status="PASS" starttime="20240415 12:03:55.710" endtime="20240415 12:03:55.758"/>
</if>
<kw name="Add To Csv" library="AddToCSV">
<arg>${abstractTxt}</arg>
<arg>${index}</arg>
<arg>${File}</arg>
<msg timestamp="20240415 12:03:55.780" level="INFO">C:\Users\ftmh\SpringerAbstractExtractor\AddToCSV.py:6: FutureWarning: ChainedAssignmentError: behaviour will change in pandas 3.0!
You are setting values through chained assignment. Currently this works in certain cases, but when using Copy-on-Write (which will become the default behaviour in pandas 3.0) this will never work to update the original DataFrame or Series, because the intermediate object on which we are setting values will behave as a copy.
A typical example is when you are setting values in a column of a DataFrame, like:

df["col"][row_indexer] = value

Use `df.loc[row_indexer, "col"] = values` instead, to perform the assignment in a single step and ensure this keeps updating the original `df`.

See the caveats in the documentation: https://pandas.pydata.org/pandas-docs/stable/user_guide/indexing.html#returning-a-view-versus-a-copy

  df["abstract"][index-1]=abstract
C:\Users\ftmh\SpringerAbstractExtractor\AddToCSV.py:6: SettingWithCopyWarning: 
A value is trying to be set on a copy of a slice from a DataFrame

See the caveats in the documentation: https://pandas.pydata.org/pandas-docs/stable/user_guide/indexing.html#returning-a-view-versus-a-copy
  df["abstract"][index-1]=abstract</msg>
<status status="PASS" starttime="20240415 12:03:55.758" endtime="20240415 12:03:55.795"/>
</kw>
<kw name="Go Back" library="SeleniumLibrary">
<doc>Simulates the user clicking the back button on their browser.</doc>
<status status="PASS" starttime="20240415 12:03:55.795" endtime="20240415 12:03:56.932"/>
</kw>
<status status="PASS" starttime="20240415 12:03:24.214" endtime="20240415 12:03:56.932"/>
</iter>
<iter>
<var name="${index}">3</var>
<kw name="Catenate" library="BuiltIn">
<var>${TitleElement}</var>
<arg>SEPARATOR=</arg>
<arg>${title}</arg>
<arg>[${index}]</arg>
<doc>Catenates the given items together and returns the resulted string.</doc>
<msg timestamp="20240415 12:03:56.933" level="INFO">${TitleElement} = (//a[@class="title"])[3]</msg>
<status status="PASS" starttime="20240415 12:03:56.933" endtime="20240415 12:03:56.933"/>
</kw>
<kw name="Wait Until Element Is Visible" library="SeleniumLibrary">
<arg>${TitleElement}</arg>
<doc>Waits until the element ``locator`` is visible.</doc>
<status status="PASS" starttime="20240415 12:03:56.934" endtime="20240415 12:03:57.062"/>
</kw>
<kw name="Click Element" library="SeleniumLibrary">
<arg>${TitleElement}</arg>
<doc>Click the element identified by ``locator``.</doc>
<msg timestamp="20240415 12:03:57.063" level="INFO">Clicking element '(//a[@class="title"])[3]'.</msg>
<status status="PASS" starttime="20240415 12:03:57.062" endtime="20240415 12:04:36.795"/>
</kw>
<kw name="Wait Until Element Is Visible" library="SeleniumLibrary">
<arg>${header}</arg>
<doc>Waits until the element ``locator`` is visible.</doc>
<status status="PASS" starttime="20240415 12:04:36.796" endtime="20240415 12:04:36.833"/>
</kw>
<kw name="Run Keyword And Return Status" library="BuiltIn">
<var>${FirstType}</var>
<arg>Element Should Be Visible</arg>
<arg>${abstract1}</arg>
<doc>Runs the given keyword with given arguments and returns the status as a Boolean value.</doc>
<kw name="Element Should Be Visible" library="SeleniumLibrary">
<arg>${abstract1}</arg>
<doc>Verifies that the element identified by ``locator`` is visible.</doc>
<msg timestamp="20240415 12:04:36.860" level="INFO">Element '//*[@id="Abs1-content"]/p' is displayed.</msg>
<status status="PASS" starttime="20240415 12:04:36.834" endtime="20240415 12:04:36.860"/>
</kw>
<msg timestamp="20240415 12:04:36.860" level="INFO">${FirstType} = True</msg>
<status status="PASS" starttime="20240415 12:04:36.833" endtime="20240415 12:04:36.860"/>
</kw>
<if>
<branch type="IF" condition="${FirstType}">
<kw name="Get Text" library="SeleniumLibrary">
<var>${abstractTxt}</var>
<arg>${abstract1}</arg>
<doc>Returns the text value of the element identified by ``locator``.</doc>
<msg timestamp="20240415 12:04:36.886" level="INFO">${abstractTxt} = Decentralization for data storage is a challenging problem for blockchain-based solutions as the blocksize plays a key role for scalability. In addition, specific requirements of multimedia data call ...</msg>
<status status="PASS" starttime="20240415 12:04:36.861" endtime="20240415 12:04:36.886"/>
</kw>
<status status="PASS" starttime="20240415 12:04:36.860" endtime="20240415 12:04:36.886"/>
</branch>
<branch type="ELSE">
<kw name="Get Text" library="SeleniumLibrary">
<var>${abstractTxt}</var>
<arg>${abstract2}</arg>
<doc>Returns the text value of the element identified by ``locator``.</doc>
<status status="NOT RUN" starttime="20240415 12:04:36.886" endtime="20240415 12:04:36.886"/>
</kw>
<status status="NOT RUN" starttime="20240415 12:04:36.886" endtime="20240415 12:04:36.886"/>
</branch>
<status status="PASS" starttime="20240415 12:04:36.860" endtime="20240415 12:04:36.886"/>
</if>
<kw name="Add To Csv" library="AddToCSV">
<arg>${abstractTxt}</arg>
<arg>${index}</arg>
<arg>${File}</arg>
<msg timestamp="20240415 12:04:36.966" level="INFO">C:\Users\ftmh\SpringerAbstractExtractor\AddToCSV.py:6: FutureWarning: ChainedAssignmentError: behaviour will change in pandas 3.0!
You are setting values through chained assignment. Currently this works in certain cases, but when using Copy-on-Write (which will become the default behaviour in pandas 3.0) this will never work to update the original DataFrame or Series, because the intermediate object on which we are setting values will behave as a copy.
A typical example is when you are setting values in a column of a DataFrame, like:

df["col"][row_indexer] = value

Use `df.loc[row_indexer, "col"] = values` instead, to perform the assignment in a single step and ensure this keeps updating the original `df`.

See the caveats in the documentation: https://pandas.pydata.org/pandas-docs/stable/user_guide/indexing.html#returning-a-view-versus-a-copy

  df["abstract"][index-1]=abstract
C:\Users\ftmh\SpringerAbstractExtractor\AddToCSV.py:6: SettingWithCopyWarning: 
A value is trying to be set on a copy of a slice from a DataFrame

See the caveats in the documentation: https://pandas.pydata.org/pandas-docs/stable/user_guide/indexing.html#returning-a-view-versus-a-copy
  df["abstract"][index-1]=abstract</msg>
<status status="PASS" starttime="20240415 12:04:36.887" endtime="20240415 12:04:37.115"/>
</kw>
<kw name="Go Back" library="SeleniumLibrary">
<doc>Simulates the user clicking the back button on their browser.</doc>
<status status="PASS" starttime="20240415 12:04:37.116" endtime="20240415 12:04:38.186"/>
</kw>
<status status="PASS" starttime="20240415 12:03:56.932" endtime="20240415 12:04:38.186"/>
</iter>
<iter>
<var name="${index}">4</var>
<kw name="Catenate" library="BuiltIn">
<var>${TitleElement}</var>
<arg>SEPARATOR=</arg>
<arg>${title}</arg>
<arg>[${index}]</arg>
<doc>Catenates the given items together and returns the resulted string.</doc>
<msg timestamp="20240415 12:04:38.187" level="INFO">${TitleElement} = (//a[@class="title"])[4]</msg>
<status status="PASS" starttime="20240415 12:04:38.186" endtime="20240415 12:04:38.187"/>
</kw>
<kw name="Wait Until Element Is Visible" library="SeleniumLibrary">
<arg>${TitleElement}</arg>
<doc>Waits until the element ``locator`` is visible.</doc>
<status status="PASS" starttime="20240415 12:04:38.187" endtime="20240415 12:04:38.309"/>
</kw>
<kw name="Click Element" library="SeleniumLibrary">
<arg>${TitleElement}</arg>
<doc>Click the element identified by ``locator``.</doc>
<msg timestamp="20240415 12:04:38.310" level="INFO">Clicking element '(//a[@class="title"])[4]'.</msg>
<status status="PASS" starttime="20240415 12:04:38.309" endtime="20240415 12:04:59.351"/>
</kw>
<kw name="Wait Until Element Is Visible" library="SeleniumLibrary">
<arg>${header}</arg>
<doc>Waits until the element ``locator`` is visible.</doc>
<status status="PASS" starttime="20240415 12:04:59.351" endtime="20240415 12:04:59.410"/>
</kw>
<kw name="Run Keyword And Return Status" library="BuiltIn">
<var>${FirstType}</var>
<arg>Element Should Be Visible</arg>
<arg>${abstract1}</arg>
<doc>Runs the given keyword with given arguments and returns the status as a Boolean value.</doc>
<kw name="Element Should Be Visible" library="SeleniumLibrary">
<arg>${abstract1}</arg>
<doc>Verifies that the element identified by ``locator`` is visible.</doc>
<msg timestamp="20240415 12:04:59.428" level="INFO">Element '//*[@id="Abs1-content"]/p' is displayed.</msg>
<status status="PASS" starttime="20240415 12:04:59.411" endtime="20240415 12:04:59.428"/>
</kw>
<msg timestamp="20240415 12:04:59.428" level="INFO">${FirstType} = True</msg>
<status status="PASS" starttime="20240415 12:04:59.410" endtime="20240415 12:04:59.428"/>
</kw>
<if>
<branch type="IF" condition="${FirstType}">
<kw name="Get Text" library="SeleniumLibrary">
<var>${abstractTxt}</var>
<arg>${abstract1}</arg>
<doc>Returns the text value of the element identified by ``locator``.</doc>
<msg timestamp="20240415 12:04:59.464" level="INFO">${abstractTxt} = Blockchain networks have attracted tremendous attention for creating cryptocurrencies and decentralized economies built on peer-to-peer protocols. However, the complex nature of the dynamics and feedb...</msg>
<status status="PASS" starttime="20240415 12:04:59.428" endtime="20240415 12:04:59.465"/>
</kw>
<status status="PASS" starttime="20240415 12:04:59.428" endtime="20240415 12:04:59.465"/>
</branch>
<branch type="ELSE">
<kw name="Get Text" library="SeleniumLibrary">
<var>${abstractTxt}</var>
<arg>${abstract2}</arg>
<doc>Returns the text value of the element identified by ``locator``.</doc>
<status status="NOT RUN" starttime="20240415 12:04:59.465" endtime="20240415 12:04:59.465"/>
</kw>
<status status="NOT RUN" starttime="20240415 12:04:59.465" endtime="20240415 12:04:59.465"/>
</branch>
<status status="PASS" starttime="20240415 12:04:59.428" endtime="20240415 12:04:59.465"/>
</if>
<kw name="Add To Csv" library="AddToCSV">
<arg>${abstractTxt}</arg>
<arg>${index}</arg>
<arg>${File}</arg>
<msg timestamp="20240415 12:04:59.523" level="INFO">C:\Users\ftmh\SpringerAbstractExtractor\AddToCSV.py:6: FutureWarning: ChainedAssignmentError: behaviour will change in pandas 3.0!
You are setting values through chained assignment. Currently this works in certain cases, but when using Copy-on-Write (which will become the default behaviour in pandas 3.0) this will never work to update the original DataFrame or Series, because the intermediate object on which we are setting values will behave as a copy.
A typical example is when you are setting values in a column of a DataFrame, like:

df["col"][row_indexer] = value

Use `df.loc[row_indexer, "col"] = values` instead, to perform the assignment in a single step and ensure this keeps updating the original `df`.

See the caveats in the documentation: https://pandas.pydata.org/pandas-docs/stable/user_guide/indexing.html#returning-a-view-versus-a-copy

  df["abstract"][index-1]=abstract
C:\Users\ftmh\SpringerAbstractExtractor\AddToCSV.py:6: SettingWithCopyWarning: 
A value is trying to be set on a copy of a slice from a DataFrame

See the caveats in the documentation: https://pandas.pydata.org/pandas-docs/stable/user_guide/indexing.html#returning-a-view-versus-a-copy
  df["abstract"][index-1]=abstract</msg>
<status status="PASS" starttime="20240415 12:04:59.465" endtime="20240415 12:04:59.527"/>
</kw>
<kw name="Go Back" library="SeleniumLibrary">
<doc>Simulates the user clicking the back button on their browser.</doc>
<status status="PASS" starttime="20240415 12:04:59.527" endtime="20240415 12:05:00.379"/>
</kw>
<status status="PASS" starttime="20240415 12:04:38.186" endtime="20240415 12:05:00.379"/>
</iter>
<iter>
<var name="${index}">5</var>
<kw name="Catenate" library="BuiltIn">
<var>${TitleElement}</var>
<arg>SEPARATOR=</arg>
<arg>${title}</arg>
<arg>[${index}]</arg>
<doc>Catenates the given items together and returns the resulted string.</doc>
<msg timestamp="20240415 12:05:00.381" level="INFO">${TitleElement} = (//a[@class="title"])[5]</msg>
<status status="PASS" starttime="20240415 12:05:00.380" endtime="20240415 12:05:00.381"/>
</kw>
<kw name="Wait Until Element Is Visible" library="SeleniumLibrary">
<arg>${TitleElement}</arg>
<doc>Waits until the element ``locator`` is visible.</doc>
<status status="PASS" starttime="20240415 12:05:00.381" endtime="20240415 12:05:00.428"/>
</kw>
<kw name="Click Element" library="SeleniumLibrary">
<arg>${TitleElement}</arg>
<doc>Click the element identified by ``locator``.</doc>
<msg timestamp="20240415 12:05:00.429" level="INFO">Clicking element '(//a[@class="title"])[5]'.</msg>
<status status="PASS" starttime="20240415 12:05:00.428" endtime="20240415 12:05:23.631"/>
</kw>
<kw name="Wait Until Element Is Visible" library="SeleniumLibrary">
<arg>${header}</arg>
<doc>Waits until the element ``locator`` is visible.</doc>
<status status="PASS" starttime="20240415 12:05:23.631" endtime="20240415 12:05:23.691"/>
</kw>
<kw name="Run Keyword And Return Status" library="BuiltIn">
<var>${FirstType}</var>
<arg>Element Should Be Visible</arg>
<arg>${abstract1}</arg>
<doc>Runs the given keyword with given arguments and returns the status as a Boolean value.</doc>
<kw name="Element Should Be Visible" library="SeleniumLibrary">
<arg>${abstract1}</arg>
<doc>Verifies that the element identified by ``locator`` is visible.</doc>
<msg timestamp="20240415 12:05:23.715" level="INFO">Element '//*[@id="Abs1-content"]/p' is displayed.</msg>
<status status="PASS" starttime="20240415 12:05:23.692" endtime="20240415 12:05:23.715"/>
</kw>
<msg timestamp="20240415 12:05:23.715" level="INFO">${FirstType} = True</msg>
<status status="PASS" starttime="20240415 12:05:23.691" endtime="20240415 12:05:23.715"/>
</kw>
<if>
<branch type="IF" condition="${FirstType}">
<kw name="Get Text" library="SeleniumLibrary">
<var>${abstractTxt}</var>
<arg>${abstract1}</arg>
<doc>Returns the text value of the element identified by ``locator``.</doc>
<msg timestamp="20240415 12:05:23.746" level="INFO">${abstractTxt} = In Web 2.0-based social networks, users suffer from authorities of service providers and politicians, such as revoking users, removing content, and selling users’ sensitive information. The concept of...</msg>
<status status="PASS" starttime="20240415 12:05:23.715" endtime="20240415 12:05:23.758"/>
</kw>
<status status="PASS" starttime="20240415 12:05:23.715" endtime="20240415 12:05:23.759"/>
</branch>
<branch type="ELSE">
<kw name="Get Text" library="SeleniumLibrary">
<var>${abstractTxt}</var>
<arg>${abstract2}</arg>
<doc>Returns the text value of the element identified by ``locator``.</doc>
<status status="NOT RUN" starttime="20240415 12:05:23.759" endtime="20240415 12:05:23.759"/>
</kw>
<status status="NOT RUN" starttime="20240415 12:05:23.759" endtime="20240415 12:05:23.759"/>
</branch>
<status status="PASS" starttime="20240415 12:05:23.715" endtime="20240415 12:05:23.759"/>
</if>
<kw name="Add To Csv" library="AddToCSV">
<arg>${abstractTxt}</arg>
<arg>${index}</arg>
<arg>${File}</arg>
<msg timestamp="20240415 12:05:23.782" level="INFO">C:\Users\ftmh\SpringerAbstractExtractor\AddToCSV.py:6: FutureWarning: ChainedAssignmentError: behaviour will change in pandas 3.0!
You are setting values through chained assignment. Currently this works in certain cases, but when using Copy-on-Write (which will become the default behaviour in pandas 3.0) this will never work to update the original DataFrame or Series, because the intermediate object on which we are setting values will behave as a copy.
A typical example is when you are setting values in a column of a DataFrame, like:

df["col"][row_indexer] = value

Use `df.loc[row_indexer, "col"] = values` instead, to perform the assignment in a single step and ensure this keeps updating the original `df`.

See the caveats in the documentation: https://pandas.pydata.org/pandas-docs/stable/user_guide/indexing.html#returning-a-view-versus-a-copy

  df["abstract"][index-1]=abstract
C:\Users\ftmh\SpringerAbstractExtractor\AddToCSV.py:6: SettingWithCopyWarning: 
A value is trying to be set on a copy of a slice from a DataFrame

See the caveats in the documentation: https://pandas.pydata.org/pandas-docs/stable/user_guide/indexing.html#returning-a-view-versus-a-copy
  df["abstract"][index-1]=abstract</msg>
<status status="PASS" starttime="20240415 12:05:23.759" endtime="20240415 12:05:23.782"/>
</kw>
<kw name="Go Back" library="SeleniumLibrary">
<doc>Simulates the user clicking the back button on their browser.</doc>
<status status="PASS" starttime="20240415 12:05:23.782" endtime="20240415 12:05:24.660"/>
</kw>
<status status="PASS" starttime="20240415 12:05:00.380" endtime="20240415 12:05:24.660"/>
</iter>
<iter>
<var name="${index}">6</var>
<kw name="Catenate" library="BuiltIn">
<var>${TitleElement}</var>
<arg>SEPARATOR=</arg>
<arg>${title}</arg>
<arg>[${index}]</arg>
<doc>Catenates the given items together and returns the resulted string.</doc>
<msg timestamp="20240415 12:05:24.661" level="INFO">${TitleElement} = (//a[@class="title"])[6]</msg>
<status status="PASS" starttime="20240415 12:05:24.660" endtime="20240415 12:05:24.661"/>
</kw>
<kw name="Wait Until Element Is Visible" library="SeleniumLibrary">
<arg>${TitleElement}</arg>
<doc>Waits until the element ``locator`` is visible.</doc>
<status status="PASS" starttime="20240415 12:05:24.661" endtime="20240415 12:05:24.730"/>
</kw>
<kw name="Click Element" library="SeleniumLibrary">
<arg>${TitleElement}</arg>
<doc>Click the element identified by ``locator``.</doc>
<msg timestamp="20240415 12:05:24.731" level="INFO">Clicking element '(//a[@class="title"])[6]'.</msg>
<status status="PASS" starttime="20240415 12:05:24.730" endtime="20240415 12:05:48.014"/>
</kw>
<kw name="Wait Until Element Is Visible" library="SeleniumLibrary">
<arg>${header}</arg>
<doc>Waits until the element ``locator`` is visible.</doc>
<status status="PASS" starttime="20240415 12:05:48.014" endtime="20240415 12:05:48.084"/>
</kw>
<kw name="Run Keyword And Return Status" library="BuiltIn">
<var>${FirstType}</var>
<arg>Element Should Be Visible</arg>
<arg>${abstract1}</arg>
<doc>Runs the given keyword with given arguments and returns the status as a Boolean value.</doc>
<kw name="Element Should Be Visible" library="SeleniumLibrary">
<arg>${abstract1}</arg>
<doc>Verifies that the element identified by ``locator`` is visible.</doc>
<msg timestamp="20240415 12:05:48.114" level="INFO">Element '//*[@id="Abs1-content"]/p' is displayed.</msg>
<status status="PASS" starttime="20240415 12:05:48.085" endtime="20240415 12:05:48.114"/>
</kw>
<msg timestamp="20240415 12:05:48.115" level="INFO">${FirstType} = True</msg>
<status status="PASS" starttime="20240415 12:05:48.084" endtime="20240415 12:05:48.115"/>
</kw>
<if>
<branch type="IF" condition="${FirstType}">
<kw name="Get Text" library="SeleniumLibrary">
<var>${abstractTxt}</var>
<arg>${abstract1}</arg>
<doc>Returns the text value of the element identified by ``locator``.</doc>
<msg timestamp="20240415 12:05:48.137" level="INFO">${abstractTxt} = Nowadays enterprises implement blockchain technology in various industries, including finance, logistics, and other sectors. While the core idea behind blockchain is to decentralize storage, enterpris...</msg>
<status status="PASS" starttime="20240415 12:05:48.115" endtime="20240415 12:05:48.137"/>
</kw>
<status status="PASS" starttime="20240415 12:05:48.115" endtime="20240415 12:05:48.137"/>
</branch>
<branch type="ELSE">
<kw name="Get Text" library="SeleniumLibrary">
<var>${abstractTxt}</var>
<arg>${abstract2}</arg>
<doc>Returns the text value of the element identified by ``locator``.</doc>
<status status="NOT RUN" starttime="20240415 12:05:48.137" endtime="20240415 12:05:48.137"/>
</kw>
<status status="NOT RUN" starttime="20240415 12:05:48.137" endtime="20240415 12:05:48.137"/>
</branch>
<status status="PASS" starttime="20240415 12:05:48.115" endtime="20240415 12:05:48.137"/>
</if>
<kw name="Add To Csv" library="AddToCSV">
<arg>${abstractTxt}</arg>
<arg>${index}</arg>
<arg>${File}</arg>
<msg timestamp="20240415 12:05:48.159" level="INFO">C:\Users\ftmh\SpringerAbstractExtractor\AddToCSV.py:6: FutureWarning: ChainedAssignmentError: behaviour will change in pandas 3.0!
You are setting values through chained assignment. Currently this works in certain cases, but when using Copy-on-Write (which will become the default behaviour in pandas 3.0) this will never work to update the original DataFrame or Series, because the intermediate object on which we are setting values will behave as a copy.
A typical example is when you are setting values in a column of a DataFrame, like:

df["col"][row_indexer] = value

Use `df.loc[row_indexer, "col"] = values` instead, to perform the assignment in a single step and ensure this keeps updating the original `df`.

See the caveats in the documentation: https://pandas.pydata.org/pandas-docs/stable/user_guide/indexing.html#returning-a-view-versus-a-copy

  df["abstract"][index-1]=abstract
C:\Users\ftmh\SpringerAbstractExtractor\AddToCSV.py:6: SettingWithCopyWarning: 
A value is trying to be set on a copy of a slice from a DataFrame

See the caveats in the documentation: https://pandas.pydata.org/pandas-docs/stable/user_guide/indexing.html#returning-a-view-versus-a-copy
  df["abstract"][index-1]=abstract</msg>
<status status="PASS" starttime="20240415 12:05:48.137" endtime="20240415 12:05:48.163"/>
</kw>
<kw name="Go Back" library="SeleniumLibrary">
<doc>Simulates the user clicking the back button on their browser.</doc>
<status status="PASS" starttime="20240415 12:05:48.163" endtime="20240415 12:05:48.901"/>
</kw>
<status status="PASS" starttime="20240415 12:05:24.660" endtime="20240415 12:05:48.901"/>
</iter>
<iter>
<var name="${index}">7</var>
<kw name="Catenate" library="BuiltIn">
<var>${TitleElement}</var>
<arg>SEPARATOR=</arg>
<arg>${title}</arg>
<arg>[${index}]</arg>
<doc>Catenates the given items together and returns the resulted string.</doc>
<msg timestamp="20240415 12:05:48.903" level="INFO">${TitleElement} = (//a[@class="title"])[7]</msg>
<status status="PASS" starttime="20240415 12:05:48.902" endtime="20240415 12:05:48.903"/>
</kw>
<kw name="Wait Until Element Is Visible" library="SeleniumLibrary">
<arg>${TitleElement}</arg>
<doc>Waits until the element ``locator`` is visible.</doc>
<status status="PASS" starttime="20240415 12:05:48.903" endtime="20240415 12:05:48.959"/>
</kw>
<kw name="Click Element" library="SeleniumLibrary">
<arg>${TitleElement}</arg>
<doc>Click the element identified by ``locator``.</doc>
<msg timestamp="20240415 12:05:48.961" level="INFO">Clicking element '(//a[@class="title"])[7]'.</msg>
<status status="PASS" starttime="20240415 12:05:48.960" endtime="20240415 12:06:11.951"/>
</kw>
<kw name="Wait Until Element Is Visible" library="SeleniumLibrary">
<arg>${header}</arg>
<doc>Waits until the element ``locator`` is visible.</doc>
<status status="PASS" starttime="20240415 12:06:11.951" endtime="20240415 12:06:12.019"/>
</kw>
<kw name="Run Keyword And Return Status" library="BuiltIn">
<var>${FirstType}</var>
<arg>Element Should Be Visible</arg>
<arg>${abstract1}</arg>
<doc>Runs the given keyword with given arguments and returns the status as a Boolean value.</doc>
<kw name="Element Should Be Visible" library="SeleniumLibrary">
<arg>${abstract1}</arg>
<doc>Verifies that the element identified by ``locator`` is visible.</doc>
<msg timestamp="20240415 12:06:12.045" level="INFO">Element '//*[@id="Abs1-content"]/p' is displayed.</msg>
<status status="PASS" starttime="20240415 12:06:12.020" endtime="20240415 12:06:12.045"/>
</kw>
<msg timestamp="20240415 12:06:12.045" level="INFO">${FirstType} = True</msg>
<status status="PASS" starttime="20240415 12:06:12.019" endtime="20240415 12:06:12.045"/>
</kw>
<if>
<branch type="IF" condition="${FirstType}">
<kw name="Get Text" library="SeleniumLibrary">
<var>${abstractTxt}</var>
<arg>${abstract1}</arg>
<doc>Returns the text value of the element identified by ``locator``.</doc>
<msg timestamp="20240415 12:06:12.067" level="INFO">${abstractTxt} = Large scale distributed databases are designed to support commercial and cloud based applications. The minimal expectation from such systems is that they ensure consistency and reliability in case of ...</msg>
<status status="PASS" starttime="20240415 12:06:12.046" endtime="20240415 12:06:12.067"/>
</kw>
<status status="PASS" starttime="20240415 12:06:12.045" endtime="20240415 12:06:12.067"/>
</branch>
<branch type="ELSE">
<kw name="Get Text" library="SeleniumLibrary">
<var>${abstractTxt}</var>
<arg>${abstract2}</arg>
<doc>Returns the text value of the element identified by ``locator``.</doc>
<status status="NOT RUN" starttime="20240415 12:06:12.067" endtime="20240415 12:06:12.068"/>
</kw>
<status status="NOT RUN" starttime="20240415 12:06:12.067" endtime="20240415 12:06:12.068"/>
</branch>
<status status="PASS" starttime="20240415 12:06:12.045" endtime="20240415 12:06:12.068"/>
</if>
<kw name="Add To Csv" library="AddToCSV">
<arg>${abstractTxt}</arg>
<arg>${index}</arg>
<arg>${File}</arg>
<msg timestamp="20240415 12:06:12.084" level="INFO">C:\Users\ftmh\SpringerAbstractExtractor\AddToCSV.py:6: FutureWarning: ChainedAssignmentError: behaviour will change in pandas 3.0!
You are setting values through chained assignment. Currently this works in certain cases, but when using Copy-on-Write (which will become the default behaviour in pandas 3.0) this will never work to update the original DataFrame or Series, because the intermediate object on which we are setting values will behave as a copy.
A typical example is when you are setting values in a column of a DataFrame, like:

df["col"][row_indexer] = value

Use `df.loc[row_indexer, "col"] = values` instead, to perform the assignment in a single step and ensure this keeps updating the original `df`.

See the caveats in the documentation: https://pandas.pydata.org/pandas-docs/stable/user_guide/indexing.html#returning-a-view-versus-a-copy

  df["abstract"][index-1]=abstract
C:\Users\ftmh\SpringerAbstractExtractor\AddToCSV.py:6: SettingWithCopyWarning: 
A value is trying to be set on a copy of a slice from a DataFrame

See the caveats in the documentation: https://pandas.pydata.org/pandas-docs/stable/user_guide/indexing.html#returning-a-view-versus-a-copy
  df["abstract"][index-1]=abstract</msg>
<status status="PASS" starttime="20240415 12:06:12.068" endtime="20240415 12:06:12.084"/>
</kw>
<kw name="Go Back" library="SeleniumLibrary">
<doc>Simulates the user clicking the back button on their browser.</doc>
<status status="PASS" starttime="20240415 12:06:12.084" endtime="20240415 12:06:13.189"/>
</kw>
<status status="PASS" starttime="20240415 12:05:48.902" endtime="20240415 12:06:13.189"/>
</iter>
<iter>
<var name="${index}">8</var>
<kw name="Catenate" library="BuiltIn">
<var>${TitleElement}</var>
<arg>SEPARATOR=</arg>
<arg>${title}</arg>
<arg>[${index}]</arg>
<doc>Catenates the given items together and returns the resulted string.</doc>
<msg timestamp="20240415 12:06:13.190" level="INFO">${TitleElement} = (//a[@class="title"])[8]</msg>
<status status="PASS" starttime="20240415 12:06:13.189" endtime="20240415 12:06:13.190"/>
</kw>
<kw name="Wait Until Element Is Visible" library="SeleniumLibrary">
<arg>${TitleElement}</arg>
<doc>Waits until the element ``locator`` is visible.</doc>
<status status="PASS" starttime="20240415 12:06:13.190" endtime="20240415 12:06:13.284"/>
</kw>
<kw name="Click Element" library="SeleniumLibrary">
<arg>${TitleElement}</arg>
<doc>Click the element identified by ``locator``.</doc>
<msg timestamp="20240415 12:06:13.285" level="INFO">Clicking element '(//a[@class="title"])[8]'.</msg>
<status status="PASS" starttime="20240415 12:06:13.284" endtime="20240415 12:06:36.029"/>
</kw>
<kw name="Wait Until Element Is Visible" library="SeleniumLibrary">
<arg>${header}</arg>
<doc>Waits until the element ``locator`` is visible.</doc>
<status status="PASS" starttime="20240415 12:06:36.029" endtime="20240415 12:06:36.076"/>
</kw>
<kw name="Run Keyword And Return Status" library="BuiltIn">
<var>${FirstType}</var>
<arg>Element Should Be Visible</arg>
<arg>${abstract1}</arg>
<doc>Runs the given keyword with given arguments and returns the status as a Boolean value.</doc>
<kw name="Element Should Be Visible" library="SeleniumLibrary">
<arg>${abstract1}</arg>
<doc>Verifies that the element identified by ``locator`` is visible.</doc>
<msg timestamp="20240415 12:06:36.103" level="INFO">Element '//*[@id="Abs1-content"]/p' is displayed.</msg>
<status status="PASS" starttime="20240415 12:06:36.077" endtime="20240415 12:06:36.103"/>
</kw>
<msg timestamp="20240415 12:06:36.104" level="INFO">${FirstType} = True</msg>
<status status="PASS" starttime="20240415 12:06:36.076" endtime="20240415 12:06:36.104"/>
</kw>
<if>
<branch type="IF" condition="${FirstType}">
<kw name="Get Text" library="SeleniumLibrary">
<var>${abstractTxt}</var>
<arg>${abstract1}</arg>
<doc>Returns the text value of the element identified by ``locator``.</doc>
<msg timestamp="20240415 12:06:36.131" level="INFO">${abstractTxt} = The present article proceeds from the mainstream view that the conceptual framework underpinning adversarial systems of criminal adjudication, i.e. a mixture of common-sense philosophy and probabilist...</msg>
<status status="PASS" starttime="20240415 12:06:36.104" endtime="20240415 12:06:36.131"/>
</kw>
<status status="PASS" starttime="20240415 12:06:36.104" endtime="20240415 12:06:36.131"/>
</branch>
<branch type="ELSE">
<kw name="Get Text" library="SeleniumLibrary">
<var>${abstractTxt}</var>
<arg>${abstract2}</arg>
<doc>Returns the text value of the element identified by ``locator``.</doc>
<status status="NOT RUN" starttime="20240415 12:06:36.132" endtime="20240415 12:06:36.132"/>
</kw>
<status status="NOT RUN" starttime="20240415 12:06:36.131" endtime="20240415 12:06:36.132"/>
</branch>
<status status="PASS" starttime="20240415 12:06:36.104" endtime="20240415 12:06:36.132"/>
</if>
<kw name="Add To Csv" library="AddToCSV">
<arg>${abstractTxt}</arg>
<arg>${index}</arg>
<arg>${File}</arg>
<msg timestamp="20240415 12:06:36.154" level="INFO">C:\Users\ftmh\SpringerAbstractExtractor\AddToCSV.py:6: FutureWarning: ChainedAssignmentError: behaviour will change in pandas 3.0!
You are setting values through chained assignment. Currently this works in certain cases, but when using Copy-on-Write (which will become the default behaviour in pandas 3.0) this will never work to update the original DataFrame or Series, because the intermediate object on which we are setting values will behave as a copy.
A typical example is when you are setting values in a column of a DataFrame, like:

df["col"][row_indexer] = value

Use `df.loc[row_indexer, "col"] = values` instead, to perform the assignment in a single step and ensure this keeps updating the original `df`.

See the caveats in the documentation: https://pandas.pydata.org/pandas-docs/stable/user_guide/indexing.html#returning-a-view-versus-a-copy

  df["abstract"][index-1]=abstract
C:\Users\ftmh\SpringerAbstractExtractor\AddToCSV.py:6: SettingWithCopyWarning: 
A value is trying to be set on a copy of a slice from a DataFrame

See the caveats in the documentation: https://pandas.pydata.org/pandas-docs/stable/user_guide/indexing.html#returning-a-view-versus-a-copy
  df["abstract"][index-1]=abstract</msg>
<status status="PASS" starttime="20240415 12:06:36.132" endtime="20240415 12:06:36.158"/>
</kw>
<kw name="Go Back" library="SeleniumLibrary">
<doc>Simulates the user clicking the back button on their browser.</doc>
<status status="PASS" starttime="20240415 12:06:36.158" endtime="20240415 12:06:37.062"/>
</kw>
<status status="PASS" starttime="20240415 12:06:13.189" endtime="20240415 12:06:37.062"/>
</iter>
<iter>
<var name="${index}">9</var>
<kw name="Catenate" library="BuiltIn">
<var>${TitleElement}</var>
<arg>SEPARATOR=</arg>
<arg>${title}</arg>
<arg>[${index}]</arg>
<doc>Catenates the given items together and returns the resulted string.</doc>
<msg timestamp="20240415 12:06:37.063" level="INFO">${TitleElement} = (//a[@class="title"])[9]</msg>
<status status="PASS" starttime="20240415 12:06:37.062" endtime="20240415 12:06:37.063"/>
</kw>
<kw name="Wait Until Element Is Visible" library="SeleniumLibrary">
<arg>${TitleElement}</arg>
<doc>Waits until the element ``locator`` is visible.</doc>
<status status="PASS" starttime="20240415 12:06:37.063" endtime="20240415 12:06:37.172"/>
</kw>
<kw name="Click Element" library="SeleniumLibrary">
<arg>${TitleElement}</arg>
<doc>Click the element identified by ``locator``.</doc>
<msg timestamp="20240415 12:06:37.173" level="INFO">Clicking element '(//a[@class="title"])[9]'.</msg>
<status status="PASS" starttime="20240415 12:06:37.172" endtime="20240415 12:06:59.801"/>
</kw>
<kw name="Wait Until Element Is Visible" library="SeleniumLibrary">
<arg>${header}</arg>
<doc>Waits until the element ``locator`` is visible.</doc>
<status status="PASS" starttime="20240415 12:06:59.801" endtime="20240415 12:06:59.944"/>
</kw>
<kw name="Run Keyword And Return Status" library="BuiltIn">
<var>${FirstType}</var>
<arg>Element Should Be Visible</arg>
<arg>${abstract1}</arg>
<doc>Runs the given keyword with given arguments and returns the status as a Boolean value.</doc>
<kw name="Element Should Be Visible" library="SeleniumLibrary">
<arg>${abstract1}</arg>
<doc>Verifies that the element identified by ``locator`` is visible.</doc>
<msg timestamp="20240415 12:06:59.970" level="INFO">Element '//*[@id="Abs1-content"]/p' is displayed.</msg>
<status status="PASS" starttime="20240415 12:06:59.945" endtime="20240415 12:06:59.970"/>
</kw>
<msg timestamp="20240415 12:06:59.970" level="INFO">${FirstType} = True</msg>
<status status="PASS" starttime="20240415 12:06:59.945" endtime="20240415 12:06:59.970"/>
</kw>
<if>
<branch type="IF" condition="${FirstType}">
<kw name="Get Text" library="SeleniumLibrary">
<var>${abstractTxt}</var>
<arg>${abstract1}</arg>
<doc>Returns the text value of the element identified by ``locator``.</doc>
<msg timestamp="20240415 12:07:00.000" level="INFO">${abstractTxt} = Reaching agreement among processes sharing read/write memory is possible only in the presence of an eventual unique leader. A leader that fails must be recoverable, but on the other hand, a live and w...</msg>
<status status="PASS" starttime="20240415 12:06:59.970" endtime="20240415 12:07:00.000"/>
</kw>
<status status="PASS" starttime="20240415 12:06:59.970" endtime="20240415 12:07:00.000"/>
</branch>
<branch type="ELSE">
<kw name="Get Text" library="SeleniumLibrary">
<var>${abstractTxt}</var>
<arg>${abstract2}</arg>
<doc>Returns the text value of the element identified by ``locator``.</doc>
<status status="NOT RUN" starttime="20240415 12:07:00.000" endtime="20240415 12:07:00.000"/>
</kw>
<status status="NOT RUN" starttime="20240415 12:07:00.000" endtime="20240415 12:07:00.000"/>
</branch>
<status status="PASS" starttime="20240415 12:06:59.970" endtime="20240415 12:07:00.000"/>
</if>
<kw name="Add To Csv" library="AddToCSV">
<arg>${abstractTxt}</arg>
<arg>${index}</arg>
<arg>${File}</arg>
<msg timestamp="20240415 12:07:00.025" level="INFO">C:\Users\ftmh\SpringerAbstractExtractor\AddToCSV.py:6: FutureWarning: ChainedAssignmentError: behaviour will change in pandas 3.0!
You are setting values through chained assignment. Currently this works in certain cases, but when using Copy-on-Write (which will become the default behaviour in pandas 3.0) this will never work to update the original DataFrame or Series, because the intermediate object on which we are setting values will behave as a copy.
A typical example is when you are setting values in a column of a DataFrame, like:

df["col"][row_indexer] = value

Use `df.loc[row_indexer, "col"] = values` instead, to perform the assignment in a single step and ensure this keeps updating the original `df`.

See the caveats in the documentation: https://pandas.pydata.org/pandas-docs/stable/user_guide/indexing.html#returning-a-view-versus-a-copy

  df["abstract"][index-1]=abstract
C:\Users\ftmh\SpringerAbstractExtractor\AddToCSV.py:6: SettingWithCopyWarning: 
A value is trying to be set on a copy of a slice from a DataFrame

See the caveats in the documentation: https://pandas.pydata.org/pandas-docs/stable/user_guide/indexing.html#returning-a-view-versus-a-copy
  df["abstract"][index-1]=abstract</msg>
<status status="PASS" starttime="20240415 12:07:00.000" endtime="20240415 12:07:00.036"/>
</kw>
<kw name="Go Back" library="SeleniumLibrary">
<doc>Simulates the user clicking the back button on their browser.</doc>
<status status="PASS" starttime="20240415 12:07:00.036" endtime="20240415 12:07:00.976"/>
</kw>
<status status="PASS" starttime="20240415 12:06:37.062" endtime="20240415 12:07:00.976"/>
</iter>
<iter>
<var name="${index}">10</var>
<kw name="Catenate" library="BuiltIn">
<var>${TitleElement}</var>
<arg>SEPARATOR=</arg>
<arg>${title}</arg>
<arg>[${index}]</arg>
<doc>Catenates the given items together and returns the resulted string.</doc>
<msg timestamp="20240415 12:07:00.977" level="INFO">${TitleElement} = (//a[@class="title"])[10]</msg>
<status status="PASS" starttime="20240415 12:07:00.977" endtime="20240415 12:07:00.977"/>
</kw>
<kw name="Wait Until Element Is Visible" library="SeleniumLibrary">
<arg>${TitleElement}</arg>
<doc>Waits until the element ``locator`` is visible.</doc>
<status status="PASS" starttime="20240415 12:07:00.977" endtime="20240415 12:07:01.084"/>
</kw>
<kw name="Click Element" library="SeleniumLibrary">
<arg>${TitleElement}</arg>
<doc>Click the element identified by ``locator``.</doc>
<msg timestamp="20240415 12:07:01.085" level="INFO">Clicking element '(//a[@class="title"])[10]'.</msg>
<status status="PASS" starttime="20240415 12:07:01.084" endtime="20240415 12:07:23.603"/>
</kw>
<kw name="Wait Until Element Is Visible" library="SeleniumLibrary">
<arg>${header}</arg>
<doc>Waits until the element ``locator`` is visible.</doc>
<status status="PASS" starttime="20240415 12:07:23.603" endtime="20240415 12:07:23.637"/>
</kw>
<kw name="Run Keyword And Return Status" library="BuiltIn">
<var>${FirstType}</var>
<arg>Element Should Be Visible</arg>
<arg>${abstract1}</arg>
<doc>Runs the given keyword with given arguments and returns the status as a Boolean value.</doc>
<kw name="Element Should Be Visible" library="SeleniumLibrary">
<arg>${abstract1}</arg>
<doc>Verifies that the element identified by ``locator`` is visible.</doc>
<msg timestamp="20240415 12:07:23.689" level="INFO">Element '//*[@id="Abs1-content"]/p' is displayed.</msg>
<status status="PASS" starttime="20240415 12:07:23.652" endtime="20240415 12:07:23.689"/>
</kw>
<msg timestamp="20240415 12:07:23.689" level="INFO">${FirstType} = True</msg>
<status status="PASS" starttime="20240415 12:07:23.637" endtime="20240415 12:07:23.689"/>
</kw>
<if>
<branch type="IF" condition="${FirstType}">
<kw name="Get Text" library="SeleniumLibrary">
<var>${abstractTxt}</var>
<arg>${abstract1}</arg>
<doc>Returns the text value of the element identified by ``locator``.</doc>
<msg timestamp="20240415 12:07:23.715" level="INFO">${abstractTxt} = GUI design isn't simply a matter of putting a nice front-end on a capable program. It requires thought about the way in which people might be expected to use a system, and investigation of the ways th...</msg>
<status status="PASS" starttime="20240415 12:07:23.690" endtime="20240415 12:07:23.715"/>
</kw>
<status status="PASS" starttime="20240415 12:07:23.690" endtime="20240415 12:07:23.715"/>
</branch>
<branch type="ELSE">
<kw name="Get Text" library="SeleniumLibrary">
<var>${abstractTxt}</var>
<arg>${abstract2}</arg>
<doc>Returns the text value of the element identified by ``locator``.</doc>
<status status="NOT RUN" starttime="20240415 12:07:23.716" endtime="20240415 12:07:23.716"/>
</kw>
<status status="NOT RUN" starttime="20240415 12:07:23.716" endtime="20240415 12:07:23.716"/>
</branch>
<status status="PASS" starttime="20240415 12:07:23.689" endtime="20240415 12:07:23.716"/>
</if>
<kw name="Add To Csv" library="AddToCSV">
<arg>${abstractTxt}</arg>
<arg>${index}</arg>
<arg>${File}</arg>
<msg timestamp="20240415 12:07:23.737" level="INFO">C:\Users\ftmh\SpringerAbstractExtractor\AddToCSV.py:6: FutureWarning: ChainedAssignmentError: behaviour will change in pandas 3.0!
You are setting values through chained assignment. Currently this works in certain cases, but when using Copy-on-Write (which will become the default behaviour in pandas 3.0) this will never work to update the original DataFrame or Series, because the intermediate object on which we are setting values will behave as a copy.
A typical example is when you are setting values in a column of a DataFrame, like:

df["col"][row_indexer] = value

Use `df.loc[row_indexer, "col"] = values` instead, to perform the assignment in a single step and ensure this keeps updating the original `df`.

See the caveats in the documentation: https://pandas.pydata.org/pandas-docs/stable/user_guide/indexing.html#returning-a-view-versus-a-copy

  df["abstract"][index-1]=abstract
C:\Users\ftmh\SpringerAbstractExtractor\AddToCSV.py:6: SettingWithCopyWarning: 
A value is trying to be set on a copy of a slice from a DataFrame

See the caveats in the documentation: https://pandas.pydata.org/pandas-docs/stable/user_guide/indexing.html#returning-a-view-versus-a-copy
  df["abstract"][index-1]=abstract</msg>
<status status="PASS" starttime="20240415 12:07:23.716" endtime="20240415 12:07:23.742"/>
</kw>
<kw name="Go Back" library="SeleniumLibrary">
<doc>Simulates the user clicking the back button on their browser.</doc>
<status status="PASS" starttime="20240415 12:07:23.742" endtime="20240415 12:07:25.471"/>
</kw>
<status status="PASS" starttime="20240415 12:07:00.977" endtime="20240415 12:07:25.471"/>
</iter>
<iter>
<var name="${index}">11</var>
<kw name="Catenate" library="BuiltIn">
<var>${TitleElement}</var>
<arg>SEPARATOR=</arg>
<arg>${title}</arg>
<arg>[${index}]</arg>
<doc>Catenates the given items together and returns the resulted string.</doc>
<msg timestamp="20240415 12:07:25.472" level="INFO">${TitleElement} = (//a[@class="title"])[11]</msg>
<status status="PASS" starttime="20240415 12:07:25.471" endtime="20240415 12:07:25.472"/>
</kw>
<kw name="Wait Until Element Is Visible" library="SeleniumLibrary">
<arg>${TitleElement}</arg>
<doc>Waits until the element ``locator`` is visible.</doc>
<status status="PASS" starttime="20240415 12:07:25.472" endtime="20240415 12:07:25.504"/>
</kw>
<kw name="Click Element" library="SeleniumLibrary">
<arg>${TitleElement}</arg>
<doc>Click the element identified by ``locator``.</doc>
<msg timestamp="20240415 12:07:25.505" level="INFO">Clicking element '(//a[@class="title"])[11]'.</msg>
<status status="PASS" starttime="20240415 12:07:25.504" endtime="20240415 12:07:49.915"/>
</kw>
<kw name="Wait Until Element Is Visible" library="SeleniumLibrary">
<arg>${header}</arg>
<doc>Waits until the element ``locator`` is visible.</doc>
<status status="PASS" starttime="20240415 12:07:49.915" endtime="20240415 12:07:49.961"/>
</kw>
<kw name="Run Keyword And Return Status" library="BuiltIn">
<var>${FirstType}</var>
<arg>Element Should Be Visible</arg>
<arg>${abstract1}</arg>
<doc>Runs the given keyword with given arguments and returns the status as a Boolean value.</doc>
<kw name="Element Should Be Visible" library="SeleniumLibrary">
<arg>${abstract1}</arg>
<doc>Verifies that the element identified by ``locator`` is visible.</doc>
<msg timestamp="20240415 12:07:50.003" level="INFO">Element '//*[@id="Abs1-content"]/p' is displayed.</msg>
<status status="PASS" starttime="20240415 12:07:49.961" endtime="20240415 12:07:50.003"/>
</kw>
<msg timestamp="20240415 12:07:50.003" level="INFO">${FirstType} = True</msg>
<status status="PASS" starttime="20240415 12:07:49.961" endtime="20240415 12:07:50.003"/>
</kw>
<if>
<branch type="IF" condition="${FirstType}">
<kw name="Get Text" library="SeleniumLibrary">
<var>${abstractTxt}</var>
<arg>${abstract1}</arg>
<doc>Returns the text value of the element identified by ``locator``.</doc>
<msg timestamp="20240415 12:07:50.093" level="INFO">${abstractTxt} = We consider the scheduling of a sporadic real-time task system on an identical multiprocessor. Though Pfair algorithms are theoretically optimal for such task systems, in practice, their runtime overh...</msg>
<status status="PASS" starttime="20240415 12:07:50.003" endtime="20240415 12:07:50.094"/>
</kw>
<status status="PASS" starttime="20240415 12:07:50.003" endtime="20240415 12:07:50.094"/>
</branch>
<branch type="ELSE">
<kw name="Get Text" library="SeleniumLibrary">
<var>${abstractTxt}</var>
<arg>${abstract2}</arg>
<doc>Returns the text value of the element identified by ``locator``.</doc>
<status status="NOT RUN" starttime="20240415 12:07:50.094" endtime="20240415 12:07:50.094"/>
</kw>
<status status="NOT RUN" starttime="20240415 12:07:50.094" endtime="20240415 12:07:50.094"/>
</branch>
<status status="PASS" starttime="20240415 12:07:50.003" endtime="20240415 12:07:50.094"/>
</if>
<kw name="Add To Csv" library="AddToCSV">
<arg>${abstractTxt}</arg>
<arg>${index}</arg>
<arg>${File}</arg>
<msg timestamp="20240415 12:07:50.121" level="INFO">C:\Users\ftmh\SpringerAbstractExtractor\AddToCSV.py:6: FutureWarning: ChainedAssignmentError: behaviour will change in pandas 3.0!
You are setting values through chained assignment. Currently this works in certain cases, but when using Copy-on-Write (which will become the default behaviour in pandas 3.0) this will never work to update the original DataFrame or Series, because the intermediate object on which we are setting values will behave as a copy.
A typical example is when you are setting values in a column of a DataFrame, like:

df["col"][row_indexer] = value

Use `df.loc[row_indexer, "col"] = values` instead, to perform the assignment in a single step and ensure this keeps updating the original `df`.

See the caveats in the documentation: https://pandas.pydata.org/pandas-docs/stable/user_guide/indexing.html#returning-a-view-versus-a-copy

  df["abstract"][index-1]=abstract
C:\Users\ftmh\SpringerAbstractExtractor\AddToCSV.py:6: SettingWithCopyWarning: 
A value is trying to be set on a copy of a slice from a DataFrame

See the caveats in the documentation: https://pandas.pydata.org/pandas-docs/stable/user_guide/indexing.html#returning-a-view-versus-a-copy
  df["abstract"][index-1]=abstract</msg>
<status status="PASS" starttime="20240415 12:07:50.094" endtime="20240415 12:07:50.125"/>
</kw>
<kw name="Go Back" library="SeleniumLibrary">
<doc>Simulates the user clicking the back button on their browser.</doc>
<status status="PASS" starttime="20240415 12:07:50.125" endtime="20240415 12:07:51.097"/>
</kw>
<status status="PASS" starttime="20240415 12:07:25.471" endtime="20240415 12:07:51.097"/>
</iter>
<iter>
<var name="${index}">12</var>
<kw name="Catenate" library="BuiltIn">
<var>${TitleElement}</var>
<arg>SEPARATOR=</arg>
<arg>${title}</arg>
<arg>[${index}]</arg>
<doc>Catenates the given items together and returns the resulted string.</doc>
<msg timestamp="20240415 12:07:51.098" level="INFO">${TitleElement} = (//a[@class="title"])[12]</msg>
<status status="PASS" starttime="20240415 12:07:51.098" endtime="20240415 12:07:51.098"/>
</kw>
<kw name="Wait Until Element Is Visible" library="SeleniumLibrary">
<arg>${TitleElement}</arg>
<doc>Waits until the element ``locator`` is visible.</doc>
<status status="PASS" starttime="20240415 12:07:51.099" endtime="20240415 12:07:51.228"/>
</kw>
<kw name="Click Element" library="SeleniumLibrary">
<arg>${TitleElement}</arg>
<doc>Click the element identified by ``locator``.</doc>
<msg timestamp="20240415 12:07:51.229" level="INFO">Clicking element '(//a[@class="title"])[12]'.</msg>
<status status="PASS" starttime="20240415 12:07:51.228" endtime="20240415 12:08:14.290"/>
</kw>
<kw name="Wait Until Element Is Visible" library="SeleniumLibrary">
<arg>${header}</arg>
<doc>Waits until the element ``locator`` is visible.</doc>
<status status="PASS" starttime="20240415 12:08:14.290" endtime="20240415 12:08:14.355"/>
</kw>
<kw name="Run Keyword And Return Status" library="BuiltIn">
<var>${FirstType}</var>
<arg>Element Should Be Visible</arg>
<arg>${abstract1}</arg>
<doc>Runs the given keyword with given arguments and returns the status as a Boolean value.</doc>
<kw name="Element Should Be Visible" library="SeleniumLibrary">
<arg>${abstract1}</arg>
<doc>Verifies that the element identified by ``locator`` is visible.</doc>
<msg timestamp="20240415 12:08:14.384" level="INFO">Element '//*[@id="Abs1-content"]/p' is displayed.</msg>
<status status="PASS" starttime="20240415 12:08:14.356" endtime="20240415 12:08:14.384"/>
</kw>
<msg timestamp="20240415 12:08:14.384" level="INFO">${FirstType} = True</msg>
<status status="PASS" starttime="20240415 12:08:14.355" endtime="20240415 12:08:14.384"/>
</kw>
<if>
<branch type="IF" condition="${FirstType}">
<kw name="Get Text" library="SeleniumLibrary">
<var>${abstractTxt}</var>
<arg>${abstract1}</arg>
<doc>Returns the text value of the element identified by ``locator``.</doc>
<msg timestamp="20240415 12:08:14.408" level="INFO">${abstractTxt} = The mathematical proof checker Mizar by Andrzej Trybulec uses a proof input language that is much more readable than the input languages of most other proof assistants. This system also differs in man...</msg>
<status status="PASS" starttime="20240415 12:08:14.384" endtime="20240415 12:08:14.408"/>
</kw>
<status status="PASS" starttime="20240415 12:08:14.384" endtime="20240415 12:08:14.408"/>
</branch>
<branch type="ELSE">
<kw name="Get Text" library="SeleniumLibrary">
<var>${abstractTxt}</var>
<arg>${abstract2}</arg>
<doc>Returns the text value of the element identified by ``locator``.</doc>
<status status="NOT RUN" starttime="20240415 12:08:14.408" endtime="20240415 12:08:14.409"/>
</kw>
<status status="NOT RUN" starttime="20240415 12:08:14.408" endtime="20240415 12:08:14.409"/>
</branch>
<status status="PASS" starttime="20240415 12:08:14.384" endtime="20240415 12:08:14.409"/>
</if>
<kw name="Add To Csv" library="AddToCSV">
<arg>${abstractTxt}</arg>
<arg>${index}</arg>
<arg>${File}</arg>
<msg timestamp="20240415 12:08:14.426" level="INFO">C:\Users\ftmh\SpringerAbstractExtractor\AddToCSV.py:6: FutureWarning: ChainedAssignmentError: behaviour will change in pandas 3.0!
You are setting values through chained assignment. Currently this works in certain cases, but when using Copy-on-Write (which will become the default behaviour in pandas 3.0) this will never work to update the original DataFrame or Series, because the intermediate object on which we are setting values will behave as a copy.
A typical example is when you are setting values in a column of a DataFrame, like:

df["col"][row_indexer] = value

Use `df.loc[row_indexer, "col"] = values` instead, to perform the assignment in a single step and ensure this keeps updating the original `df`.

See the caveats in the documentation: https://pandas.pydata.org/pandas-docs/stable/user_guide/indexing.html#returning-a-view-versus-a-copy

  df["abstract"][index-1]=abstract
C:\Users\ftmh\SpringerAbstractExtractor\AddToCSV.py:6: SettingWithCopyWarning: 
A value is trying to be set on a copy of a slice from a DataFrame

See the caveats in the documentation: https://pandas.pydata.org/pandas-docs/stable/user_guide/indexing.html#returning-a-view-versus-a-copy
  df["abstract"][index-1]=abstract</msg>
<status status="PASS" starttime="20240415 12:08:14.409" endtime="20240415 12:08:14.434"/>
</kw>
<kw name="Go Back" library="SeleniumLibrary">
<doc>Simulates the user clicking the back button on their browser.</doc>
<status status="PASS" starttime="20240415 12:08:14.434" endtime="20240415 12:08:15.391"/>
</kw>
<status status="PASS" starttime="20240415 12:07:51.097" endtime="20240415 12:08:15.391"/>
</iter>
<iter>
<var name="${index}">13</var>
<kw name="Catenate" library="BuiltIn">
<var>${TitleElement}</var>
<arg>SEPARATOR=</arg>
<arg>${title}</arg>
<arg>[${index}]</arg>
<doc>Catenates the given items together and returns the resulted string.</doc>
<msg timestamp="20240415 12:08:15.392" level="INFO">${TitleElement} = (//a[@class="title"])[13]</msg>
<status status="PASS" starttime="20240415 12:08:15.392" endtime="20240415 12:08:15.392"/>
</kw>
<kw name="Wait Until Element Is Visible" library="SeleniumLibrary">
<arg>${TitleElement}</arg>
<doc>Waits until the element ``locator`` is visible.</doc>
<status status="PASS" starttime="20240415 12:08:15.392" endtime="20240415 12:08:15.530"/>
</kw>
<kw name="Click Element" library="SeleniumLibrary">
<arg>${TitleElement}</arg>
<doc>Click the element identified by ``locator``.</doc>
<msg timestamp="20240415 12:08:15.530" level="INFO">Clicking element '(//a[@class="title"])[13]'.</msg>
<status status="PASS" starttime="20240415 12:08:15.530" endtime="20240415 12:08:38.221"/>
</kw>
<kw name="Wait Until Element Is Visible" library="SeleniumLibrary">
<arg>${header}</arg>
<doc>Waits until the element ``locator`` is visible.</doc>
<status status="PASS" starttime="20240415 12:08:38.221" endtime="20240415 12:08:38.259"/>
</kw>
<kw name="Run Keyword And Return Status" library="BuiltIn">
<var>${FirstType}</var>
<arg>Element Should Be Visible</arg>
<arg>${abstract1}</arg>
<doc>Runs the given keyword with given arguments and returns the status as a Boolean value.</doc>
<kw name="Element Should Be Visible" library="SeleniumLibrary">
<arg>${abstract1}</arg>
<doc>Verifies that the element identified by ``locator`` is visible.</doc>
<msg timestamp="20240415 12:08:38.289" level="INFO">Element '//*[@id="Abs1-content"]/p' is displayed.</msg>
<status status="PASS" starttime="20240415 12:08:38.259" endtime="20240415 12:08:38.289"/>
</kw>
<msg timestamp="20240415 12:08:38.289" level="INFO">${FirstType} = True</msg>
<status status="PASS" starttime="20240415 12:08:38.259" endtime="20240415 12:08:38.289"/>
</kw>
<if>
<branch type="IF" condition="${FirstType}">
<kw name="Get Text" library="SeleniumLibrary">
<var>${abstractTxt}</var>
<arg>${abstract1}</arg>
<doc>Returns the text value of the element identified by ``locator``.</doc>
<msg timestamp="20240415 12:08:38.315" level="INFO">${abstractTxt} = A number of data-driven execution models have been proposed for parallel execution of logic programs8, 12, 9, 3) LogDf is an abstract data-driven execution model for pure logic programs3) which has sh...</msg>
<status status="PASS" starttime="20240415 12:08:38.289" endtime="20240415 12:08:38.315"/>
</kw>
<status status="PASS" starttime="20240415 12:08:38.289" endtime="20240415 12:08:38.315"/>
</branch>
<branch type="ELSE">
<kw name="Get Text" library="SeleniumLibrary">
<var>${abstractTxt}</var>
<arg>${abstract2}</arg>
<doc>Returns the text value of the element identified by ``locator``.</doc>
<status status="NOT RUN" starttime="20240415 12:08:38.315" endtime="20240415 12:08:38.315"/>
</kw>
<status status="NOT RUN" starttime="20240415 12:08:38.315" endtime="20240415 12:08:38.315"/>
</branch>
<status status="PASS" starttime="20240415 12:08:38.289" endtime="20240415 12:08:38.315"/>
</if>
<kw name="Add To Csv" library="AddToCSV">
<arg>${abstractTxt}</arg>
<arg>${index}</arg>
<arg>${File}</arg>
<msg timestamp="20240415 12:08:38.330" level="INFO">C:\Users\ftmh\SpringerAbstractExtractor\AddToCSV.py:6: FutureWarning: ChainedAssignmentError: behaviour will change in pandas 3.0!
You are setting values through chained assignment. Currently this works in certain cases, but when using Copy-on-Write (which will become the default behaviour in pandas 3.0) this will never work to update the original DataFrame or Series, because the intermediate object on which we are setting values will behave as a copy.
A typical example is when you are setting values in a column of a DataFrame, like:

df["col"][row_indexer] = value

Use `df.loc[row_indexer, "col"] = values` instead, to perform the assignment in a single step and ensure this keeps updating the original `df`.

See the caveats in the documentation: https://pandas.pydata.org/pandas-docs/stable/user_guide/indexing.html#returning-a-view-versus-a-copy

  df["abstract"][index-1]=abstract
C:\Users\ftmh\SpringerAbstractExtractor\AddToCSV.py:6: SettingWithCopyWarning: 
A value is trying to be set on a copy of a slice from a DataFrame

See the caveats in the documentation: https://pandas.pydata.org/pandas-docs/stable/user_guide/indexing.html#returning-a-view-versus-a-copy
  df["abstract"][index-1]=abstract</msg>
<status status="PASS" starttime="20240415 12:08:38.315" endtime="20240415 12:08:38.347"/>
</kw>
<kw name="Go Back" library="SeleniumLibrary">
<doc>Simulates the user clicking the back button on their browser.</doc>
<status status="PASS" starttime="20240415 12:08:38.347" endtime="20240415 12:08:54.023"/>
</kw>
<status status="PASS" starttime="20240415 12:08:15.391" endtime="20240415 12:08:54.024"/>
</iter>
<iter>
<var name="${index}">14</var>
<kw name="Catenate" library="BuiltIn">
<var>${TitleElement}</var>
<arg>SEPARATOR=</arg>
<arg>${title}</arg>
<arg>[${index}]</arg>
<doc>Catenates the given items together and returns the resulted string.</doc>
<msg timestamp="20240415 12:08:54.024" level="INFO">${TitleElement} = (//a[@class="title"])[14]</msg>
<status status="PASS" starttime="20240415 12:08:54.024" endtime="20240415 12:08:54.024"/>
</kw>
<kw name="Wait Until Element Is Visible" library="SeleniumLibrary">
<arg>${TitleElement}</arg>
<doc>Waits until the element ``locator`` is visible.</doc>
<status status="PASS" starttime="20240415 12:08:54.024" endtime="20240415 12:08:54.059"/>
</kw>
<kw name="Click Element" library="SeleniumLibrary">
<arg>${TitleElement}</arg>
<doc>Click the element identified by ``locator``.</doc>
<msg timestamp="20240415 12:08:54.060" level="INFO">Clicking element '(//a[@class="title"])[14]'.</msg>
<status status="PASS" starttime="20240415 12:08:54.059" endtime="20240415 12:09:17.026"/>
</kw>
<kw name="Wait Until Element Is Visible" library="SeleniumLibrary">
<arg>${header}</arg>
<doc>Waits until the element ``locator`` is visible.</doc>
<status status="PASS" starttime="20240415 12:09:17.026" endtime="20240415 12:09:17.082"/>
</kw>
<kw name="Run Keyword And Return Status" library="BuiltIn">
<var>${FirstType}</var>
<arg>Element Should Be Visible</arg>
<arg>${abstract1}</arg>
<doc>Runs the given keyword with given arguments and returns the status as a Boolean value.</doc>
<kw name="Element Should Be Visible" library="SeleniumLibrary">
<arg>${abstract1}</arg>
<doc>Verifies that the element identified by ``locator`` is visible.</doc>
<msg timestamp="20240415 12:09:17.115" level="INFO">Element '//*[@id="Abs1-content"]/p' is displayed.</msg>
<status status="PASS" starttime="20240415 12:09:17.083" endtime="20240415 12:09:17.115"/>
</kw>
<msg timestamp="20240415 12:09:17.115" level="INFO">${FirstType} = True</msg>
<status status="PASS" starttime="20240415 12:09:17.082" endtime="20240415 12:09:17.115"/>
</kw>
<if>
<branch type="IF" condition="${FirstType}">
<kw name="Get Text" library="SeleniumLibrary">
<var>${abstractTxt}</var>
<arg>${abstract1}</arg>
<doc>Returns the text value of the element identified by ``locator``.</doc>
<msg timestamp="20240415 12:09:17.148" level="INFO">${abstractTxt} = The problem of representing a setU≜{u 1,...,u m} of read-write variables on ann-node distributed-memory parallel computer is considered. It is shown thatU can be represented among then nodes of a vari...</msg>
<status status="PASS" starttime="20240415 12:09:17.116" endtime="20240415 12:09:17.148"/>
</kw>
<status status="PASS" starttime="20240415 12:09:17.115" endtime="20240415 12:09:17.148"/>
</branch>
<branch type="ELSE">
<kw name="Get Text" library="SeleniumLibrary">
<var>${abstractTxt}</var>
<arg>${abstract2}</arg>
<doc>Returns the text value of the element identified by ``locator``.</doc>
<status status="NOT RUN" starttime="20240415 12:09:17.148" endtime="20240415 12:09:17.148"/>
</kw>
<status status="NOT RUN" starttime="20240415 12:09:17.148" endtime="20240415 12:09:17.148"/>
</branch>
<status status="PASS" starttime="20240415 12:09:17.115" endtime="20240415 12:09:17.149"/>
</if>
<kw name="Add To Csv" library="AddToCSV">
<arg>${abstractTxt}</arg>
<arg>${index}</arg>
<arg>${File}</arg>
<msg timestamp="20240415 12:09:17.162" level="INFO">C:\Users\ftmh\SpringerAbstractExtractor\AddToCSV.py:6: FutureWarning: ChainedAssignmentError: behaviour will change in pandas 3.0!
You are setting values through chained assignment. Currently this works in certain cases, but when using Copy-on-Write (which will become the default behaviour in pandas 3.0) this will never work to update the original DataFrame or Series, because the intermediate object on which we are setting values will behave as a copy.
A typical example is when you are setting values in a column of a DataFrame, like:

df["col"][row_indexer] = value

Use `df.loc[row_indexer, "col"] = values` instead, to perform the assignment in a single step and ensure this keeps updating the original `df`.

See the caveats in the documentation: https://pandas.pydata.org/pandas-docs/stable/user_guide/indexing.html#returning-a-view-versus-a-copy

  df["abstract"][index-1]=abstract
C:\Users\ftmh\SpringerAbstractExtractor\AddToCSV.py:6: SettingWithCopyWarning: 
A value is trying to be set on a copy of a slice from a DataFrame

See the caveats in the documentation: https://pandas.pydata.org/pandas-docs/stable/user_guide/indexing.html#returning-a-view-versus-a-copy
  df["abstract"][index-1]=abstract</msg>
<status status="PASS" starttime="20240415 12:09:17.149" endtime="20240415 12:09:17.162"/>
</kw>
<kw name="Go Back" library="SeleniumLibrary">
<doc>Simulates the user clicking the back button on their browser.</doc>
<status status="PASS" starttime="20240415 12:09:17.162" endtime="20240415 12:09:18.042"/>
</kw>
<status status="PASS" starttime="20240415 12:08:54.024" endtime="20240415 12:09:18.042"/>
</iter>
<iter>
<var name="${index}">15</var>
<kw name="Catenate" library="BuiltIn">
<var>${TitleElement}</var>
<arg>SEPARATOR=</arg>
<arg>${title}</arg>
<arg>[${index}]</arg>
<doc>Catenates the given items together and returns the resulted string.</doc>
<msg timestamp="20240415 12:09:18.043" level="INFO">${TitleElement} = (//a[@class="title"])[15]</msg>
<status status="PASS" starttime="20240415 12:09:18.043" endtime="20240415 12:09:18.043"/>
</kw>
<kw name="Wait Until Element Is Visible" library="SeleniumLibrary">
<arg>${TitleElement}</arg>
<doc>Waits until the element ``locator`` is visible.</doc>
<status status="PASS" starttime="20240415 12:09:18.043" endtime="20240415 12:09:18.095"/>
</kw>
<kw name="Click Element" library="SeleniumLibrary">
<arg>${TitleElement}</arg>
<doc>Click the element identified by ``locator``.</doc>
<msg timestamp="20240415 12:09:18.096" level="INFO">Clicking element '(//a[@class="title"])[15]'.</msg>
<status status="PASS" starttime="20240415 12:09:18.096" endtime="20240415 12:09:41.680"/>
</kw>
<kw name="Wait Until Element Is Visible" library="SeleniumLibrary">
<arg>${header}</arg>
<doc>Waits until the element ``locator`` is visible.</doc>
<status status="PASS" starttime="20240415 12:09:41.680" endtime="20240415 12:09:41.712"/>
</kw>
<kw name="Run Keyword And Return Status" library="BuiltIn">
<var>${FirstType}</var>
<arg>Element Should Be Visible</arg>
<arg>${abstract1}</arg>
<doc>Runs the given keyword with given arguments and returns the status as a Boolean value.</doc>
<kw name="Element Should Be Visible" library="SeleniumLibrary">
<arg>${abstract1}</arg>
<doc>Verifies that the element identified by ``locator`` is visible.</doc>
<msg timestamp="20240415 12:09:41.746" level="INFO">Element '//*[@id="Abs1-content"]/p' is displayed.</msg>
<status status="PASS" starttime="20240415 12:09:41.713" endtime="20240415 12:09:41.746"/>
</kw>
<msg timestamp="20240415 12:09:41.747" level="INFO">${FirstType} = True</msg>
<status status="PASS" starttime="20240415 12:09:41.713" endtime="20240415 12:09:41.747"/>
</kw>
<if>
<branch type="IF" condition="${FirstType}">
<kw name="Get Text" library="SeleniumLibrary">
<var>${abstractTxt}</var>
<arg>${abstract1}</arg>
<doc>Returns the text value of the element identified by ``locator``.</doc>
<msg timestamp="20240415 12:09:41.773" level="INFO">${abstractTxt} = This paper presents a distributed, energy-aware method for the autonomous deployment and maintenance of battery-powered robots within a known or unknown region in 2D space. Our approach does not rely ...</msg>
<status status="PASS" starttime="20240415 12:09:41.747" endtime="20240415 12:09:41.773"/>
</kw>
<status status="PASS" starttime="20240415 12:09:41.747" endtime="20240415 12:09:41.773"/>
</branch>
<branch type="ELSE">
<kw name="Get Text" library="SeleniumLibrary">
<var>${abstractTxt}</var>
<arg>${abstract2}</arg>
<doc>Returns the text value of the element identified by ``locator``.</doc>
<status status="NOT RUN" starttime="20240415 12:09:41.774" endtime="20240415 12:09:41.774"/>
</kw>
<status status="NOT RUN" starttime="20240415 12:09:41.773" endtime="20240415 12:09:41.774"/>
</branch>
<status status="PASS" starttime="20240415 12:09:41.747" endtime="20240415 12:09:41.774"/>
</if>
<kw name="Add To Csv" library="AddToCSV">
<arg>${abstractTxt}</arg>
<arg>${index}</arg>
<arg>${File}</arg>
<msg timestamp="20240415 12:09:41.796" level="INFO">C:\Users\ftmh\SpringerAbstractExtractor\AddToCSV.py:6: FutureWarning: ChainedAssignmentError: behaviour will change in pandas 3.0!
You are setting values through chained assignment. Currently this works in certain cases, but when using Copy-on-Write (which will become the default behaviour in pandas 3.0) this will never work to update the original DataFrame or Series, because the intermediate object on which we are setting values will behave as a copy.
A typical example is when you are setting values in a column of a DataFrame, like:

df["col"][row_indexer] = value

Use `df.loc[row_indexer, "col"] = values` instead, to perform the assignment in a single step and ensure this keeps updating the original `df`.

See the caveats in the documentation: https://pandas.pydata.org/pandas-docs/stable/user_guide/indexing.html#returning-a-view-versus-a-copy

  df["abstract"][index-1]=abstract
C:\Users\ftmh\SpringerAbstractExtractor\AddToCSV.py:6: SettingWithCopyWarning: 
A value is trying to be set on a copy of a slice from a DataFrame

See the caveats in the documentation: https://pandas.pydata.org/pandas-docs/stable/user_guide/indexing.html#returning-a-view-versus-a-copy
  df["abstract"][index-1]=abstract</msg>
[...]
<arg>${abstract1}</arg>
<doc>Verifies that the element identified by ``locator`` is visible.</doc>
<msg timestamp="20240415 12:53:11.063" level="INFO">Element '//*[@id="Abs1-content"]/p' is displayed.</msg>
<status status="PASS" starttime="20240415 12:53:11.025" endtime="20240415 12:53:11.063"/>
</kw>
<msg timestamp="20240415 12:53:11.063" level="INFO">${FirstType} = True</msg>
<status status="PASS" starttime="20240415 12:53:11.024" endtime="20240415 12:53:11.063"/>
</kw>
<if>
<branch type="IF" condition="${FirstType}">
<kw name="Get Text" library="SeleniumLibrary">
<var>${abstractTxt}</var>
<arg>${abstract1}</arg>
<doc>Returns the text value of the element identified by ``locator``.</doc>
<msg timestamp="20240415 12:53:11.099" level="INFO">${abstractTxt} = We propose a novel distributed algorithm for the minimum cut problem. Motivated by applications like volumetric segmentation in computer vision, we aim at solving large sparse problems. When the probl...</msg>
<status status="PASS" starttime="20240415 12:53:11.064" endtime="20240415 12:53:11.099"/>
</kw>
<status status="PASS" starttime="20240415 12:53:11.064" endtime="20240415 12:53:11.099"/>
</branch>
<branch type="ELSE">
<kw name="Get Text" library="SeleniumLibrary">
<var>${abstractTxt}</var>
<arg>${abstract2}</arg>
<doc>Returns the text value of the element identified by ``locator``.</doc>
<status status="NOT RUN" starttime="20240415 12:53:11.099" endtime="20240415 12:53:11.099"/>
</kw>
<status status="NOT RUN" starttime="20240415 12:53:11.099" endtime="20240415 12:53:11.099"/>
</branch>
<status status="PASS" starttime="20240415 12:53:11.064" endtime="20240415 12:53:11.099"/>
</if>
<kw name="Add To Csv" library="AddToCSV">
<arg>${abstractTxt}</arg>
<arg>${index}</arg>
<arg>${File}</arg>
<msg timestamp="20240415 12:53:11.114" level="INFO">C:\Users\ftmh\SpringerAbstractExtractor\AddToCSV.py:6: FutureWarning: ChainedAssignmentError: behaviour will change in pandas 3.0!
You are setting values through chained assignment. Currently this works in certain cases, but when using Copy-on-Write (which will become the default behaviour in pandas 3.0) this will never work to update the original DataFrame or Series, because the intermediate object on which we are setting values will behave as a copy.
A typical example is when you are setting values in a column of a DataFrame, like:

df["col"][row_indexer] = value

Use `df.loc[row_indexer, "col"] = values` instead, to perform the assignment in a single step and ensure this keeps updating the original `df`.

See the caveats in the documentation: https://pandas.pydata.org/pandas-docs/stable/user_guide/indexing.html#returning-a-view-versus-a-copy

  df["abstract"][index-1]=abstract
C:\Users\ftmh\SpringerAbstractExtractor\AddToCSV.py:6: SettingWithCopyWarning: 
A value is trying to be set on a copy of a slice from a DataFrame

See the caveats in the documentation: https://pandas.pydata.org/pandas-docs/stable/user_guide/indexing.html#returning-a-view-versus-a-copy
  df["abstract"][index-1]=abstract</msg>
<status status="PASS" starttime="20240415 12:53:11.099" endtime="20240415 12:53:11.124"/>
</kw>
<kw name="Go Back" library="SeleniumLibrary">
<doc>Simulates the user clicking the back button on their browser.</doc>
<status status="PASS" starttime="20240415 12:53:11.125" endtime="20240415 12:53:12.089"/>
</kw>
<status status="PASS" starttime="20240415 12:52:47.664" endtime="20240415 12:53:12.089"/>
</iter>
<iter>
<var name="${index}">17</var>
<kw name="Catenate" library="BuiltIn">
<var>${TitleElement}</var>
<arg>SEPARATOR=</arg>
<arg>${title}</arg>
<arg>[${index}]</arg>
<doc>Catenates the given items together and returns the resulted string.</doc>
<msg timestamp="20240415 12:53:12.090" level="INFO">${TitleElement} = (//a[@class="title"])[17]</msg>
<status status="PASS" starttime="20240415 12:53:12.089" endtime="20240415 12:53:12.090"/>
</kw>
<kw name="Wait Until Element Is Visible" library="SeleniumLibrary">
<arg>${TitleElement}</arg>
<doc>Waits until the element ``locator`` is visible.</doc>
<status status="PASS" starttime="20240415 12:53:12.090" endtime="20240415 12:53:12.221"/>
</kw>
<kw name="Click Element" library="SeleniumLibrary">
<arg>${TitleElement}</arg>
<doc>Click the element identified by ``locator``.</doc>
<msg timestamp="20240415 12:53:12.222" level="INFO">Clicking element '(//a[@class="title"])[17]'.</msg>
<status status="PASS" starttime="20240415 12:53:12.222" endtime="20240415 12:53:34.826"/>
</kw>
<kw name="Wait Until Element Is Visible" library="SeleniumLibrary">
<arg>${header}</arg>
<doc>Waits until the element ``locator`` is visible.</doc>
<status status="PASS" starttime="20240415 12:53:34.827" endtime="20240415 12:53:34.875"/>
</kw>
<kw name="Run Keyword And Return Status" library="BuiltIn">
<var>${FirstType}</var>
<arg>Element Should Be Visible</arg>
<arg>${abstract1}</arg>
<doc>Runs the given keyword with given arguments and returns the status as a Boolean value.</doc>
<kw name="Element Should Be Visible" library="SeleniumLibrary">
<arg>${abstract1}</arg>
<doc>Verifies that the element identified by ``locator`` is visible.</doc>
<msg timestamp="20240415 12:53:35.015" level="INFO" html="true">&lt;/td&gt;&lt;/tr&gt;&lt;tr&gt;&lt;td colspan="3"&gt;&lt;a href="selenium-screenshot-19.png"&gt;&lt;img src="selenium-screenshot-19.png" width="800px"&gt;&lt;/a&gt;</msg>
<msg timestamp="20240415 12:53:35.015" level="FAIL">Element with locator '//*[@id="Abs1-content"]/p' not found.</msg>
<status status="FAIL" starttime="20240415 12:53:34.876" endtime="20240415 12:53:35.015"/>
</kw>
<msg timestamp="20240415 12:53:35.015" level="INFO">${FirstType} = False</msg>
<status status="PASS" starttime="20240415 12:53:34.875" endtime="20240415 12:53:35.015"/>
</kw>
<if>
<branch type="IF" condition="${FirstType}">
<kw name="Get Text" library="SeleniumLibrary">
<var>${abstractTxt}</var>
<arg>${abstract1}</arg>
<doc>Returns the text value of the element identified by ``locator``.</doc>
<status status="NOT RUN" starttime="20240415 12:53:35.015" endtime="20240415 12:53:35.015"/>
</kw>
<status status="NOT RUN" starttime="20240415 12:53:35.015" endtime="20240415 12:53:35.015"/>
</branch>
<branch type="ELSE">
<kw name="Get Text" library="SeleniumLibrary">
<var>${abstractTxt}</var>
<arg>${abstract2}</arg>
<doc>Returns the text value of the element identified by ``locator``.</doc>
<msg timestamp="20240415 12:53:35.045" level="INFO">${abstractTxt} = This paper is concerned with the design of online scheduling algorithms that exploit extra resources. In particular, it studies how to make use of multiple processors to counteract the lack of future ...</msg>
<status status="PASS" starttime="20240415 12:53:35.015" endtime="20240415 12:53:35.045"/>
</kw>
<status status="PASS" starttime="20240415 12:53:35.015" endtime="20240415 12:53:35.045"/>
</branch>
<status status="PASS" starttime="20240415 12:53:35.015" endtime="20240415 12:53:35.045"/>
</if>
<kw name="Add To Csv" library="AddToCSV">
<arg>${abstractTxt}</arg>
<arg>${index}</arg>
<arg>${File}</arg>
<msg timestamp="20240415 12:53:35.075" level="INFO">C:\Users\ftmh\SpringerAbstractExtractor\AddToCSV.py:6: FutureWarning: ChainedAssignmentError: behaviour will change in pandas 3.0!
You are setting values through chained assignment. Currently this works in certain cases, but when using Copy-on-Write (which will become the default behaviour in pandas 3.0) this will never work to update the original DataFrame or Series, because the intermediate object on which we are setting values will behave as a copy.
A typical example is when you are setting values in a column of a DataFrame, like:

df["col"][row_indexer] = value

Use `df.loc[row_indexer, "col"] = values` instead, to perform the assignment in a single step and ensure this keeps updating the original `df`.

See the caveats in the documentation: https://pandas.pydata.org/pandas-docs/stable/user_guide/indexing.html#returning-a-view-versus-a-copy

  df["abstract"][index-1]=abstract
C:\Users\ftmh\SpringerAbstractExtractor\AddToCSV.py:6: SettingWithCopyWarning: 
A value is trying to be set on a copy of a slice from a DataFrame

See the caveats in the documentation: https://pandas.pydata.org/pandas-docs/stable/user_guide/indexing.html#returning-a-view-versus-a-copy
  df["abstract"][index-1]=abstract</msg>
<status status="PASS" starttime="20240415 12:53:35.045" endtime="20240415 12:53:35.082"/>
</kw>
<kw name="Go Back" library="SeleniumLibrary">
<doc>Simulates the user clicking the back button on their browser.</doc>
<status status="PASS" starttime="20240415 12:53:35.082" endtime="20240415 12:53:36.006"/>
</kw>
<status status="PASS" starttime="20240415 12:53:12.089" endtime="20240415 12:53:36.006"/>
</iter>
<iter>
<var name="${index}">18</var>
<kw name="Catenate" library="BuiltIn">
<var>${TitleElement}</var>
<arg>SEPARATOR=</arg>
<arg>${title}</arg>
<arg>[${index}]</arg>
<doc>Catenates the given items together and returns the resulted string.</doc>
<msg timestamp="20240415 12:53:36.007" level="INFO">${TitleElement} = (//a[@class="title"])[18]</msg>
<status status="PASS" starttime="20240415 12:53:36.007" endtime="20240415 12:53:36.008"/>
</kw>
<kw name="Wait Until Element Is Visible" library="SeleniumLibrary">
<arg>${TitleElement}</arg>
<doc>Waits until the element ``locator`` is visible.</doc>
<status status="PASS" starttime="20240415 12:53:36.008" endtime="20240415 12:53:36.094"/>
</kw>
<kw name="Click Element" library="SeleniumLibrary">
<arg>${TitleElement}</arg>
<doc>Click the element identified by ``locator``.</doc>
<msg timestamp="20240415 12:53:36.094" level="INFO">Clicking element '(//a[@class="title"])[18]'.</msg>
<status status="PASS" starttime="20240415 12:53:36.094" endtime="20240415 12:53:58.963"/>
</kw>
<kw name="Wait Until Element Is Visible" library="SeleniumLibrary">
<arg>${header}</arg>
<doc>Waits until the element ``locator`` is visible.</doc>
<status status="PASS" starttime="20240415 12:53:58.963" endtime="20240415 12:53:59.001"/>
</kw>
<kw name="Run Keyword And Return Status" library="BuiltIn">
<var>${FirstType}</var>
<arg>Element Should Be Visible</arg>
<arg>${abstract1}</arg>
<doc>Runs the given keyword with given arguments and returns the status as a Boolean value.</doc>
<kw name="Element Should Be Visible" library="SeleniumLibrary">
<arg>${abstract1}</arg>
<doc>Verifies that the element identified by ``locator`` is visible.</doc>
<msg timestamp="20240415 12:53:59.044" level="INFO">Element '//*[@id="Abs1-content"]/p' is displayed.</msg>
<status status="PASS" starttime="20240415 12:53:59.001" endtime="20240415 12:53:59.044"/>
</kw>
<msg timestamp="20240415 12:53:59.044" level="INFO">${FirstType} = True</msg>
<status status="PASS" starttime="20240415 12:53:59.001" endtime="20240415 12:53:59.044"/>
</kw>
<if>
<branch type="IF" condition="${FirstType}">
<kw name="Get Text" library="SeleniumLibrary">
<var>${abstractTxt}</var>
<arg>${abstract1}</arg>
<doc>Returns the text value of the element identified by ``locator``.</doc>
<msg timestamp="20240415 12:53:59.077" level="INFO">${abstractTxt} = We present a technique for analyzing the number of cache misses incurred by multithreaded cache oblivious algorithms on an idealized parallel machine in which each processor has a private cache. We sp...</msg>
<status status="PASS" starttime="20240415 12:53:59.044" endtime="20240415 12:53:59.077"/>
</kw>
<status status="PASS" starttime="20240415 12:53:59.044" endtime="20240415 12:53:59.078"/>
</branch>
<branch type="ELSE">
<kw name="Get Text" library="SeleniumLibrary">
<var>${abstractTxt}</var>
<arg>${abstract2}</arg>
<doc>Returns the text value of the element identified by ``locator``.</doc>
<status status="NOT RUN" starttime="20240415 12:53:59.078" endtime="20240415 12:53:59.078"/>
</kw>
<status status="NOT RUN" starttime="20240415 12:53:59.078" endtime="20240415 12:53:59.078"/>
</branch>
<status status="PASS" starttime="20240415 12:53:59.044" endtime="20240415 12:53:59.078"/>
</if>
<kw name="Add To Csv" library="AddToCSV">
<arg>${abstractTxt}</arg>
<arg>${index}</arg>
<arg>${File}</arg>
<msg timestamp="20240415 12:53:59.100" level="INFO">C:\Users\ftmh\SpringerAbstractExtractor\AddToCSV.py:6: FutureWarning: ChainedAssignmentError: behaviour will change in pandas 3.0!
You are setting values through chained assignment. Currently this works in certain cases, but when using Copy-on-Write (which will become the default behaviour in pandas 3.0) this will never work to update the original DataFrame or Series, because the intermediate object on which we are setting values will behave as a copy.
A typical example is when you are setting values in a column of a DataFrame, like:

df["col"][row_indexer] = value

Use `df.loc[row_indexer, "col"] = values` instead, to perform the assignment in a single step and ensure this keeps updating the original `df`.

See the caveats in the documentation: https://pandas.pydata.org/pandas-docs/stable/user_guide/indexing.html#returning-a-view-versus-a-copy

  df["abstract"][index-1]=abstract
C:\Users\ftmh\SpringerAbstractExtractor\AddToCSV.py:6: SettingWithCopyWarning: 
A value is trying to be set on a copy of a slice from a DataFrame

See the caveats in the documentation: https://pandas.pydata.org/pandas-docs/stable/user_guide/indexing.html#returning-a-view-versus-a-copy
  df["abstract"][index-1]=abstract</msg>
<status status="PASS" starttime="20240415 12:53:59.078" endtime="20240415 12:53:59.104"/>
</kw>
<kw name="Go Back" library="SeleniumLibrary">
<doc>Simulates the user clicking the back button on their browser.</doc>
<status status="PASS" starttime="20240415 12:53:59.105" endtime="20240415 12:53:59.985"/>
</kw>
<status status="PASS" starttime="20240415 12:53:36.006" endtime="20240415 12:53:59.986"/>
</iter>
<iter>
<var name="${index}">19</var>
<kw name="Catenate" library="BuiltIn">
<var>${TitleElement}</var>
<arg>SEPARATOR=</arg>
<arg>${title}</arg>
<arg>[${index}]</arg>
<doc>Catenates the given items together and returns the resulted string.</doc>
<msg timestamp="20240415 12:53:59.987" level="INFO">${TitleElement} = (//a[@class="title"])[19]</msg>
<status status="PASS" starttime="20240415 12:53:59.986" endtime="20240415 12:53:59.987"/>
</kw>
<kw name="Wait Until Element Is Visible" library="SeleniumLibrary">
<arg>${TitleElement}</arg>
<doc>Waits until the element ``locator`` is visible.</doc>
<status status="PASS" starttime="20240415 12:53:59.987" endtime="20240415 12:54:00.122"/>
</kw>
<kw name="Click Element" library="SeleniumLibrary">
<arg>${TitleElement}</arg>
<doc>Click the element identified by ``locator``.</doc>
<msg timestamp="20240415 12:54:00.123" level="INFO">Clicking element '(//a[@class="title"])[19]'.</msg>
<status status="PASS" starttime="20240415 12:54:00.122" endtime="20240415 12:54:22.909"/>
</kw>
<kw name="Wait Until Element Is Visible" library="SeleniumLibrary">
<arg>${header}</arg>
<doc>Waits until the element ``locator`` is visible.</doc>
<status status="PASS" starttime="20240415 12:54:22.909" endtime="20240415 12:54:22.949"/>
</kw>
<kw name="Run Keyword And Return Status" library="BuiltIn">
<var>${FirstType}</var>
<arg>Element Should Be Visible</arg>
<arg>${abstract1}</arg>
<doc>Runs the given keyword with given arguments and returns the status as a Boolean value.</doc>
<kw name="Element Should Be Visible" library="SeleniumLibrary">
<arg>${abstract1}</arg>
<doc>Verifies that the element identified by ``locator`` is visible.</doc>
<msg timestamp="20240415 12:54:22.979" level="INFO">Element '//*[@id="Abs1-content"]/p' is displayed.</msg>
<status status="PASS" starttime="20240415 12:54:22.950" endtime="20240415 12:54:22.979"/>
</kw>
<msg timestamp="20240415 12:54:22.980" level="INFO">${FirstType} = True</msg>
<status status="PASS" starttime="20240415 12:54:22.950" endtime="20240415 12:54:22.980"/>
</kw>
<if>
<branch type="IF" condition="${FirstType}">
<kw name="Get Text" library="SeleniumLibrary">
<var>${abstractTxt}</var>
<arg>${abstract1}</arg>
<doc>Returns the text value of the element identified by ``locator``.</doc>
<msg timestamp="20240415 12:54:23.004" level="INFO">${abstractTxt} = Parallelizing (compute-intensive) discrete event simulation (DES) applications is a classical approach for speeding up their execution and for making very large/complex simulation models tractable. Th...</msg>
<status status="PASS" starttime="20240415 12:54:22.980" endtime="20240415 12:54:23.004"/>
</kw>
<status status="PASS" starttime="20240415 12:54:22.980" endtime="20240415 12:54:23.004"/>
</branch>
<branch type="ELSE">
<kw name="Get Text" library="SeleniumLibrary">
<var>${abstractTxt}</var>
<arg>${abstract2}</arg>
<doc>Returns the text value of the element identified by ``locator``.</doc>
<status status="NOT RUN" starttime="20240415 12:54:23.004" endtime="20240415 12:54:23.005"/>
</kw>
<status status="NOT RUN" starttime="20240415 12:54:23.004" endtime="20240415 12:54:23.005"/>
</branch>
<status status="PASS" starttime="20240415 12:54:22.980" endtime="20240415 12:54:23.005"/>
</if>
<kw name="Add To Csv" library="AddToCSV">
<arg>${abstractTxt}</arg>
<arg>${index}</arg>
<arg>${File}</arg>
<msg timestamp="20240415 12:54:23.021" level="INFO">C:\Users\ftmh\SpringerAbstractExtractor\AddToCSV.py:6: FutureWarning: ChainedAssignmentError: behaviour will change in pandas 3.0!
You are setting values through chained assignment. Currently this works in certain cases, but when using Copy-on-Write (which will become the default behaviour in pandas 3.0) this will never work to update the original DataFrame or Series, because the intermediate object on which we are setting values will behave as a copy.
A typical example is when you are setting values in a column of a DataFrame, like:

df["col"][row_indexer] = value

Use `df.loc[row_indexer, "col"] = values` instead, to perform the assignment in a single step and ensure this keeps updating the original `df`.

See the caveats in the documentation: https://pandas.pydata.org/pandas-docs/stable/user_guide/indexing.html#returning-a-view-versus-a-copy

  df["abstract"][index-1]=abstract
C:\Users\ftmh\SpringerAbstractExtractor\AddToCSV.py:6: SettingWithCopyWarning: 
A value is trying to be set on a copy of a slice from a DataFrame

See the caveats in the documentation: https://pandas.pydata.org/pandas-docs/stable/user_guide/indexing.html#returning-a-view-versus-a-copy
  df["abstract"][index-1]=abstract</msg>
<status status="PASS" starttime="20240415 12:54:23.005" endtime="20240415 12:54:23.029"/>
</kw>
<kw name="Go Back" library="SeleniumLibrary">
<doc>Simulates the user clicking the back button on their browser.</doc>
<status status="PASS" starttime="20240415 12:54:23.029" endtime="20240415 12:54:23.882"/>
</kw>
<status status="PASS" starttime="20240415 12:53:59.986" endtime="20240415 12:54:23.882"/>
</iter>
<status status="PASS" starttime="20240415 12:45:56.174" endtime="20240415 12:54:23.882"/>
</for>
<kw name="Click Element" library="SeleniumLibrary">
<arg>${nextBTN}</arg>
<doc>Click the element identified by ``locator``.</doc>
<msg timestamp="20240415 12:54:23.884" level="INFO">Clicking element '//*[@id="kb-nav--main"]/div[4]/form/a/img'.</msg>
<status status="PASS" starttime="20240415 12:54:23.882" endtime="20240415 12:54:25.683"/>
</kw>
<status status="PASS" starttime="20240415 12:45:56.138" endtime="20240415 12:54:25.683"/>
</iter>
<status status="PASS" starttime="20240415 12:02:50.318" endtime="20240415 12:54:25.683"/>
</for>
<status status="PASS" starttime="20240415 12:02:19.049" endtime="20240415 12:54:25.684"/>
</kw>
<status status="PASS" starttime="20240415 12:02:19.048" endtime="20240415 12:54:25.688"/>
</test>
<doc>add abstract in excel file</doc>
<status status="PASS" starttime="20240415 12:02:06.459" endtime="20240415 12:54:25.696"/>
</suite>
<statistics>
<total>
<stat pass="1" fail="0" skip="0">All Tests</stat>
</total>
<tag>
</tag>
<suite>
<stat pass="1" fail="0" skip="0" id="s1" name="Extract">Extract</stat>
</suite>
</statistics>
<errors>
</errors>
</robot>
